<?xml version="1.0" encoding="UTF-8"?>
<!-- Generated by org.testng.reporters.JUnitXMLReporter -->
<testsuite ignored="1" hostname="LAPTOP-320VAM9K" failures="0" tests="1" name="Test(failed)(failed)" time="0.066" errors="0" timestamp="2023-11-29T12:33:44 IST">
  <testcase classname="testNGExecutionPackage.Test3" name="method6" time="0.013"/>
  <testcase classname="testNGExecutionPackage.Test3" name="method5" time="0.0">
    <ignored/>
  </testcase> <!-- method5 -->
</testsuite> <!-- Test(failed)(failed) -->
