<?xml version="1.0" encoding="UTF-8"?>
<!-- Generated by org.testng.reporters.JUnitXMLReporter -->
<testsuite ignored="0" hostname="LAPTOP-320VAM9K" failures="0" tests="2" name="Default test(failed)" time="14.703" errors="0" timestamp="2023-12-02T11:49:19 IST">
  <testcase classname="testNGAnnotations_Flags.GoogleSearchTest" name="search_selenium" time="2.29"/>
  <testcase classname="testNGAnnotations_Flags.GoogleSearchTest" name="search_java" time="2.334"/>
</testsuite> <!-- Default test(failed) -->
