<?xml version="1.0" encoding="UTF-8"?>
<!-- Generated by org.testng.reporters.JUnitXMLReporter -->
<testsuite ignored="0" hostname="LAPTOP-320VAM9K" failures="0" tests="3" name="demoTest" time="119.007" errors="0" timestamp="2023-11-28T12:55:21 IST">
  <testcase classname="testNGExecutionPackage.JavaTest" name="java_method" time="22.773"/>
  <testcase classname="testNGExecutionPackage.SeleniumTest" name="selenium_Test" time="85.857"/>
  <testcase classname="testNGExecutionPackage.SqlTest" name="Sql_Test" time="10.325"/>
</testsuite> <!-- demoTest -->
