<?xml version="1.0" encoding="UTF-8"?>
<!-- Generated by org.testng.reporters.JUnitXMLReporter -->
<testsuite ignored="8" hostname="LAPTOP-320VAM9K" failures="0" tests="4" name="Test" time="0.066" errors="0" timestamp="2023-12-04T12:31:18 IST">
  <testcase classname="testNGAnnotations_Flags.Flag6" name="ft1" time="0.009"/>
  <testcase classname="testNGAnnotations_Flags.Flag6" name="ft2" time="0.001"/>
  <testcase classname="testNGAnnotations_Flags.Flag6" name="ft3" time="0.0"/>
  <testcase classname="testNGAnnotations_Flags.Flag6" name="ft4" time="0.002"/>
  <testcase classname="testNGAnnotations_Flags.Flag6" name="st1" time="0.0">
    <ignored/>
  </testcase> <!-- st1 -->
  <testcase classname="testNGAnnotations_Flags.Flag6" name="st4" time="0.0">
    <ignored/>
  </testcase> <!-- st4 -->
  <testcase classname="testNGAnnotations_Flags.Flag6" name="st3" time="0.0">
    <ignored/>
  </testcase> <!-- st3 -->
  <testcase classname="testNGAnnotations_Flags.Flag6" name="it2" time="0.0">
    <ignored/>
  </testcase> <!-- it2 -->
  <testcase classname="testNGAnnotations_Flags.Flag6" name="it1" time="0.0">
    <ignored/>
  </testcase> <!-- it1 -->
  <testcase classname="testNGAnnotations_Flags.Flag6" name="st2" time="0.0">
    <ignored/>
  </testcase> <!-- st2 -->
  <testcase classname="testNGAnnotations_Flags.Flag6" name="it3" time="0.0">
    <ignored/>
  </testcase> <!-- it3 -->
  <testcase classname="testNGAnnotations_Flags.Flag6" name="it4" time="0.0">
    <ignored/>
  </testcase> <!-- it4 -->
</testsuite> <!-- Test -->
