<?xml version="1.0" encoding="UTF-8"?>
<!-- Generated by org.testng.reporters.JUnitReportReporter -->
<testsuite hostname="LAPTOP-320VAM9K" failures="0" tests="1000" name="testNGAnnotations_Flags.Flag3" time="0.312" errors="0" timestamp="2023-12-02T12:29:59 IST" skipped="0">
  <testcase classname="testNGAnnotations_Flags.Flag3" name="method1" time="0.000"/>
  <system-out>
    <![CDATA[Login!!]]>
  </system-out>
  <testcase classname="testNGAnnotations_Flags.Flag3" name="method1" time="0.000"/>
  <system-out>
    <![CDATA[Login!!]]>
  </system-out>
  <testcase classname="testNGAnnotations_Flags.Flag3" name="method1" time="0.001"/>
  <system-out>
    <![CDATA[Login!!]]>
  </system-out>
  <testcase classname="testNGAnnotations_Flags.Flag3" name="method1" time="0.001"/>
  <system-out>
    <![CDATA[Login!!]]>
  </system-out>
  <testcase classname="testNGAnnotations_Flags.Flag3" name="method1" time="0.000"/>
  <system-out>
    <![CDATA[Login!!]]>
  </system-out>
  <testcase classname="testNGAnnotations_Flags.Flag3" name="method1" time="0.000"/>
  <system-out>
    <![CDATA[Login!!]]>
  </system-out>
  <testcase classname="testNGAnnotations_Flags.Flag3" name="method1" time="0.001"/>
  <system-out>
    <![CDATA[Login!!]]>
  </system-out>
  <testcase classname="testNGAnnotations_Flags.Flag3" name="method1" time="0.000"/>
  <system-out>
    <![CDATA[Login!!]]>
  </system-out>
  <testcase classname="testNGAnnotations_Flags.Flag3" name="method1" time="0.000"/>
  <system-out>
    <![CDATA[Login!!]]>
  </system-out>
  <testcase classname="testNGAnnotations_Flags.Flag3" name="method1" time="0.000"/>
  <system-out>
    <![CDATA[Login!!]]>
  </system-out>
  <testcase classname="testNGAnnotations_Flags.Flag3" name="method1" time="0.000"/>
  <system-out>
    <![CDATA[Login!!]]>
  </system-out>
  <testcase classname="testNGAnnotations_Flags.Flag3" name="method1" time="0.000"/>
  <system-out>
    <![CDATA[Login!!]]>
  </system-out>
  <testcase classname="testNGAnnotations_Flags.Flag3" name="method1" time="0.000"/>
  <system-out>
    <![CDATA[Login!!]]>
  </system-out>
  <testcase classname="testNGAnnotations_Flags.Flag3" name="method1" time="0.000"/>
  <system-out>
    <![CDATA[Login!!]]>
  </system-out>
  <testcase classname="testNGAnnotations_Flags.Flag3" name="method1" time="0.000"/>
  <system-out>
    <![CDATA[Login!!]]>
  </system-out>
  <testcase classname="testNGAnnotations_Flags.Flag3" name="method1" time="0.002"/>
  <system-out>
    <![CDATA[Login!!]]>
  </system-out>
  <testcase classname="testNGAnnotations_Flags.Flag3" name="method1" time="0.001"/>
  <system-out>
    <![CDATA[Login!!]]>
  </system-out>
  <testcase classname="testNGAnnotations_Flags.Flag3" name="method1" time="0.000"/>
  <system-out>
    <![CDATA[Login!!]]>
  </system-out>
  <testcase classname="testNGAnnotations_Flags.Flag3" name="method1" time="0.001"/>
  <system-out>
    <![CDATA[Login!!]]>
  </system-out>
  <testcase classname="testNGAnnotations_Flags.Flag3" name="method1" time="0.000"/>
  <system-out>
    <![CDATA[Login!!]]>
  </system-out>
  <testcase classname="testNGAnnotations_Flags.Flag3" name="method1" time="0.000"/>
  <system-out>
    <![CDATA[Login!!]]>
  </system-out>
  <testcase classname="testNGAnnotations_Flags.Flag3" name="method1" time="0.000"/>
  <system-out>
    <![CDATA[Login!!]]>
  </system-out>
  <testcase classname="testNGAnnotations_Flags.Flag3" name="method1" time="0.001"/>
  <system-out>
    <![CDATA[Login!!]]>
  </system-out>
  <testcase classname="testNGAnnotations_Flags.Flag3" name="method1" time="0.000"/>
  <system-out>
    <![CDATA[Login!!]]>
  </system-out>
  <testcase classname="testNGAnnotations_Flags.Flag3" name="method1" time="0.001"/>
  <system-out>
    <![CDATA[Login!!]]>
  </system-out>
  <testcase classname="testNGAnnotations_Flags.Flag3" name="method1" time="0.000"/>
  <system-out>
    <![CDATA[Login!!]]>
  </system-out>
  <testcase classname="testNGAnnotations_Flags.Flag3" name="method1" time="0.000"/>
  <system-out>
    <![CDATA[Login!!]]>
  </system-out>
  <testcase classname="testNGAnnotations_Flags.Flag3" name="method1" time="0.000"/>
  <system-out>
    <![CDATA[Login!!]]>
  </system-out>
  <testcase classname="testNGAnnotations_Flags.Flag3" name="method1" time="0.000"/>
  <system-out>
    <![CDATA[Login!!]]>
  </system-out>
  <testcase classname="testNGAnnotations_Flags.Flag3" name="method1" time="0.000"/>
  <system-out>
    <![CDATA[Login!!]]>
  </system-out>
  <testcase classname="testNGAnnotations_Flags.Flag3" name="method1" time="0.001"/>
  <system-out>
    <![CDATA[Login!!]]>
  </system-out>
  <testcase classname="testNGAnnotations_Flags.Flag3" name="method1" time="0.000"/>
  <system-out>
    <![CDATA[Login!!]]>
  </system-out>
  <testcase classname="testNGAnnotations_Flags.Flag3" name="method1" time="0.000"/>
  <system-out>
    <![CDATA[Login!!]]>
  </system-out>
  <testcase classname="testNGAnnotations_Flags.Flag3" name="method1" time="0.000"/>
  <system-out>
    <![CDATA[Login!!]]>
  </system-out>
  <testcase classname="testNGAnnotations_Flags.Flag3" name="method1" time="0.000"/>
  <system-out>
    <![CDATA[Login!!]]>
  </system-out>
  <testcase classname="testNGAnnotations_Flags.Flag3" name="method1" time="0.000"/>
  <system-out>
    <![CDATA[Login!!]]>
  </system-out>
  <testcase classname="testNGAnnotations_Flags.Flag3" name="method1" time="0.000"/>
  <system-out>
    <![CDATA[Login!!]]>
  </system-out>
  <testcase classname="testNGAnnotations_Flags.Flag3" name="method1" time="0.000"/>
  <system-out>
    <![CDATA[Login!!]]>
  </system-out>
  <testcase classname="testNGAnnotations_Flags.Flag3" name="method1" time="0.000"/>
  <system-out>
    <![CDATA[Login!!]]>
  </system-out>
  <testcase classname="testNGAnnotations_Flags.Flag3" name="method1" time="0.001"/>
  <system-out>
    <![CDATA[Login!!]]>
  </system-out>
  <testcase classname="testNGAnnotations_Flags.Flag3" name="method1" time="0.001"/>
  <system-out>
    <![CDATA[Login!!]]>
  </system-out>
  <testcase classname="testNGAnnotations_Flags.Flag3" name="method1" time="0.000"/>
  <system-out>
    <![CDATA[Login!!]]>
  </system-out>
  <testcase classname="testNGAnnotations_Flags.Flag3" name="method1" time="0.000"/>
  <system-out>
    <![CDATA[Login!!]]>
  </system-out>
  <testcase classname="testNGAnnotations_Flags.Flag3" name="method1" time="0.000"/>
  <system-out>
    <![CDATA[Login!!]]>
  </system-out>
  <testcase classname="testNGAnnotations_Flags.Flag3" name="method1" time="0.002"/>
  <system-out>
    <![CDATA[Login!!]]>
  </system-out>
  <testcase classname="testNGAnnotations_Flags.Flag3" name="method1" time="0.001"/>
  <system-out>
    <![CDATA[Login!!]]>
  </system-out>
  <testcase classname="testNGAnnotations_Flags.Flag3" name="method1" time="0.000"/>
  <system-out>
    <![CDATA[Login!!]]>
  </system-out>
  <testcase classname="testNGAnnotations_Flags.Flag3" name="method1" time="0.000"/>
  <system-out>
    <![CDATA[Login!!]]>
  </system-out>
  <testcase classname="testNGAnnotations_Flags.Flag3" name="method1" time="0.000"/>
  <system-out>
    <![CDATA[Login!!]]>
  </system-out>
  <testcase classname="testNGAnnotations_Flags.Flag3" name="method1" time="0.000"/>
  <system-out>
    <![CDATA[Login!!]]>
  </system-out>
  <testcase classname="testNGAnnotations_Flags.Flag3" name="method1" time="0.000"/>
  <system-out>
    <![CDATA[Login!!]]>
  </system-out>
  <testcase classname="testNGAnnotations_Flags.Flag3" name="method1" time="0.001"/>
  <system-out>
    <![CDATA[Login!!]]>
  </system-out>
  <testcase classname="testNGAnnotations_Flags.Flag3" name="method1" time="0.000"/>
  <system-out>
    <![CDATA[Login!!]]>
  </system-out>
  <testcase classname="testNGAnnotations_Flags.Flag3" name="method1" time="0.000"/>
  <system-out>
    <![CDATA[Login!!]]>
  </system-out>
  <testcase classname="testNGAnnotations_Flags.Flag3" name="method1" time="0.000"/>
  <system-out>
    <![CDATA[Login!!]]>
  </system-out>
  <testcase classname="testNGAnnotations_Flags.Flag3" name="method1" time="0.000"/>
  <system-out>
    <![CDATA[Login!!]]>
  </system-out>
  <testcase classname="testNGAnnotations_Flags.Flag3" name="method1" time="0.000"/>
  <system-out>
    <![CDATA[Login!!]]>
  </system-out>
  <testcase classname="testNGAnnotations_Flags.Flag3" name="method1" time="0.000"/>
  <system-out>
    <![CDATA[Login!!]]>
  </system-out>
  <testcase classname="testNGAnnotations_Flags.Flag3" name="method1" time="0.000"/>
  <system-out>
    <![CDATA[Login!!]]>
  </system-out>
  <testcase classname="testNGAnnotations_Flags.Flag3" name="method1" time="0.001"/>
  <system-out>
    <![CDATA[Login!!]]>
  </system-out>
  <testcase classname="testNGAnnotations_Flags.Flag3" name="method1" time="0.001"/>
  <system-out>
    <![CDATA[Login!!]]>
  </system-out>
  <testcase classname="testNGAnnotations_Flags.Flag3" name="method1" time="0.001"/>
  <system-out>
    <![CDATA[Login!!]]>
  </system-out>
  <testcase classname="testNGAnnotations_Flags.Flag3" name="method1" time="0.000"/>
  <system-out>
    <![CDATA[Login!!]]>
  </system-out>
  <testcase classname="testNGAnnotations_Flags.Flag3" name="method1" time="0.003"/>
  <system-out>
    <![CDATA[Login!!]]>
  </system-out>
  <testcase classname="testNGAnnotations_Flags.Flag3" name="method1" time="0.000"/>
  <system-out>
    <![CDATA[Login!!]]>
  </system-out>
  <testcase classname="testNGAnnotations_Flags.Flag3" name="method1" time="0.000"/>
  <system-out>
    <![CDATA[Login!!]]>
  </system-out>
  <testcase classname="testNGAnnotations_Flags.Flag3" name="method1" time="0.001"/>
  <system-out>
    <![CDATA[Login!!]]>
  </system-out>
  <testcase classname="testNGAnnotations_Flags.Flag3" name="method1" time="0.001"/>
  <system-out>
    <![CDATA[Login!!]]>
  </system-out>
  <testcase classname="testNGAnnotations_Flags.Flag3" name="method1" time="0.001"/>
  <system-out>
    <![CDATA[Login!!]]>
  </system-out>
  <testcase classname="testNGAnnotations_Flags.Flag3" name="method1" time="0.000"/>
  <system-out>
    <![CDATA[Login!!]]>
  </system-out>
  <testcase classname="testNGAnnotations_Flags.Flag3" name="method1" time="0.000"/>
  <system-out>
    <![CDATA[Login!!]]>
  </system-out>
  <testcase classname="testNGAnnotations_Flags.Flag3" name="method1" time="0.002"/>
  <system-out>
    <![CDATA[Login!!]]>
  </system-out>
  <testcase classname="testNGAnnotations_Flags.Flag3" name="method1" time="0.000"/>
  <system-out>
    <![CDATA[Login!!]]>
  </system-out>
  <testcase classname="testNGAnnotations_Flags.Flag3" name="method1" time="0.000"/>
  <system-out>
    <![CDATA[Login!!]]>
  </system-out>
  <testcase classname="testNGAnnotations_Flags.Flag3" name="method1" time="0.000"/>
  <system-out>
    <![CDATA[Login!!]]>
  </system-out>
  <testcase classname="testNGAnnotations_Flags.Flag3" name="method1" time="0.000"/>
  <system-out>
    <![CDATA[Login!!]]>
  </system-out>
  <testcase classname="testNGAnnotations_Flags.Flag3" name="method1" time="0.000"/>
  <system-out>
    <![CDATA[Login!!]]>
  </system-out>
  <testcase classname="testNGAnnotations_Flags.Flag3" name="method1" time="0.000"/>
  <system-out>
    <![CDATA[Login!!]]>
  </system-out>
  <testcase classname="testNGAnnotations_Flags.Flag3" name="method1" time="0.000"/>
  <system-out>
    <![CDATA[Login!!]]>
  </system-out>
  <testcase classname="testNGAnnotations_Flags.Flag3" name="method1" time="0.000"/>
  <system-out>
    <![CDATA[Login!!]]>
  </system-out>
  <testcase classname="testNGAnnotations_Flags.Flag3" name="method1" time="0.001"/>
  <system-out>
    <![CDATA[Login!!]]>
  </system-out>
  <testcase classname="testNGAnnotations_Flags.Flag3" name="method1" time="0.000"/>
  <system-out>
    <![CDATA[Login!!]]>
  </system-out>
  <testcase classname="testNGAnnotations_Flags.Flag3" name="method1" time="0.000"/>
  <system-out>
    <![CDATA[Login!!]]>
  </system-out>
  <testcase classname="testNGAnnotations_Flags.Flag3" name="method1" time="0.000"/>
  <system-out>
    <![CDATA[Login!!]]>
  </system-out>
  <testcase classname="testNGAnnotations_Flags.Flag3" name="method1" time="0.000"/>
  <system-out>
    <![CDATA[Login!!]]>
  </system-out>
  <testcase classname="testNGAnnotations_Flags.Flag3" name="method1" time="0.000"/>
  <system-out>
    <![CDATA[Login!!]]>
  </system-out>
  <testcase classname="testNGAnnotations_Flags.Flag3" name="method1" time="0.000"/>
  <system-out>
    <![CDATA[Login!!]]>
  </system-out>
  <testcase classname="testNGAnnotations_Flags.Flag3" name="method1" time="0.000"/>
  <system-out>
    <![CDATA[Login!!]]>
  </system-out>
  <testcase classname="testNGAnnotations_Flags.Flag3" name="method1" time="0.000"/>
  <system-out>
    <![CDATA[Login!!]]>
  </system-out>
  <testcase classname="testNGAnnotations_Flags.Flag3" name="method1" time="0.000"/>
  <system-out>
    <![CDATA[Login!!]]>
  </system-out>
  <testcase classname="testNGAnnotations_Flags.Flag3" name="method1" time="0.000"/>
  <system-out>
    <![CDATA[Login!!]]>
  </system-out>
  <testcase classname="testNGAnnotations_Flags.Flag3" name="method1" time="0.000"/>
  <system-out>
    <![CDATA[Login!!]]>
  </system-out>
  <testcase classname="testNGAnnotations_Flags.Flag3" name="method1" time="0.000"/>
  <system-out>
    <![CDATA[Login!!]]>
  </system-out>
  <testcase classname="testNGAnnotations_Flags.Flag3" name="method1" time="0.000"/>
  <system-out>
    <![CDATA[Login!!]]>
  </system-out>
  <testcase classname="testNGAnnotations_Flags.Flag3" name="method1" time="0.000"/>
  <system-out>
    <![CDATA[Login!!]]>
  </system-out>
  <testcase classname="testNGAnnotations_Flags.Flag3" name="method1" time="0.000"/>
  <system-out>
    <![CDATA[Login!!]]>
  </system-out>
  <testcase classname="testNGAnnotations_Flags.Flag3" name="method1" time="0.000"/>
  <system-out>
    <![CDATA[Login!!]]>
  </system-out>
  <testcase classname="testNGAnnotations_Flags.Flag3" name="method1" time="0.000"/>
  <system-out>
    <![CDATA[Login!!]]>
  </system-out>
  <testcase classname="testNGAnnotations_Flags.Flag3" name="method1" time="0.000"/>
  <system-out>
    <![CDATA[Login!!]]>
  </system-out>
  <testcase classname="testNGAnnotations_Flags.Flag3" name="method1" time="0.000"/>
  <system-out>
    <![CDATA[Login!!]]>
  </system-out>
  <testcase classname="testNGAnnotations_Flags.Flag3" name="method1" time="0.000"/>
  <system-out>
    <![CDATA[Login!!]]>
  </system-out>
  <testcase classname="testNGAnnotations_Flags.Flag3" name="method1" time="0.000"/>
  <system-out>
    <![CDATA[Login!!]]>
  </system-out>
  <testcase classname="testNGAnnotations_Flags.Flag3" name="method1" time="0.000"/>
  <system-out>
    <![CDATA[Login!!]]>
  </system-out>
  <testcase classname="testNGAnnotations_Flags.Flag3" name="method1" time="0.000"/>
  <system-out>
    <![CDATA[Login!!]]>
  </system-out>
  <testcase classname="testNGAnnotations_Flags.Flag3" name="method1" time="0.000"/>
  <system-out>
    <![CDATA[Login!!]]>
  </system-out>
  <testcase classname="testNGAnnotations_Flags.Flag3" name="method1" time="0.001"/>
  <system-out>
    <![CDATA[Login!!]]>
  </system-out>
  <testcase classname="testNGAnnotations_Flags.Flag3" name="method1" time="0.000"/>
  <system-out>
    <![CDATA[Login!!]]>
  </system-out>
  <testcase classname="testNGAnnotations_Flags.Flag3" name="method1" time="0.000"/>
  <system-out>
    <![CDATA[Login!!]]>
  </system-out>
  <testcase classname="testNGAnnotations_Flags.Flag3" name="method1" time="0.000"/>
  <system-out>
    <![CDATA[Login!!]]>
  </system-out>
  <testcase classname="testNGAnnotations_Flags.Flag3" name="method1" time="0.001"/>
  <system-out>
    <![CDATA[Login!!]]>
  </system-out>
  <testcase classname="testNGAnnotations_Flags.Flag3" name="method1" time="0.000"/>
  <system-out>
    <![CDATA[Login!!]]>
  </system-out>
  <testcase classname="testNGAnnotations_Flags.Flag3" name="method1" time="0.000"/>
  <system-out>
    <![CDATA[Login!!]]>
  </system-out>
  <testcase classname="testNGAnnotations_Flags.Flag3" name="method1" time="0.000"/>
  <system-out>
    <![CDATA[Login!!]]>
  </system-out>
  <testcase classname="testNGAnnotations_Flags.Flag3" name="method1" time="0.000"/>
  <system-out>
    <![CDATA[Login!!]]>
  </system-out>
  <testcase classname="testNGAnnotations_Flags.Flag3" name="method1" time="0.000"/>
  <system-out>
    <![CDATA[Login!!]]>
  </system-out>
  <testcase classname="testNGAnnotations_Flags.Flag3" name="method1" time="0.000"/>
  <system-out>
    <![CDATA[Login!!]]>
  </system-out>
  <testcase classname="testNGAnnotations_Flags.Flag3" name="method1" time="0.000"/>
  <system-out>
    <![CDATA[Login!!]]>
  </system-out>
  <testcase classname="testNGAnnotations_Flags.Flag3" name="method1" time="0.001"/>
  <system-out>
    <![CDATA[Login!!]]>
  </system-out>
  <testcase classname="testNGAnnotations_Flags.Flag3" name="method1" time="0.000"/>
  <system-out>
    <![CDATA[Login!!]]>
  </system-out>
  <testcase classname="testNGAnnotations_Flags.Flag3" name="method1" time="0.002"/>
  <system-out>
    <![CDATA[Login!!]]>
  </system-out>
  <testcase classname="testNGAnnotations_Flags.Flag3" name="method1" time="0.000"/>
  <system-out>
    <![CDATA[Login!!]]>
  </system-out>
  <testcase classname="testNGAnnotations_Flags.Flag3" name="method1" time="0.000"/>
  <system-out>
    <![CDATA[Login!!]]>
  </system-out>
  <testcase classname="testNGAnnotations_Flags.Flag3" name="method1" time="0.000"/>
  <system-out>
    <![CDATA[Login!!]]>
  </system-out>
  <testcase classname="testNGAnnotations_Flags.Flag3" name="method1" time="0.000"/>
  <system-out>
    <![CDATA[Login!!]]>
  </system-out>
  <testcase classname="testNGAnnotations_Flags.Flag3" name="method1" time="0.000"/>
  <system-out>
    <![CDATA[Login!!]]>
  </system-out>
  <testcase classname="testNGAnnotations_Flags.Flag3" name="method1" time="0.000"/>
  <system-out>
    <![CDATA[Login!!]]>
  </system-out>
  <testcase classname="testNGAnnotations_Flags.Flag3" name="method1" time="0.000"/>
  <system-out>
    <![CDATA[Login!!]]>
  </system-out>
  <testcase classname="testNGAnnotations_Flags.Flag3" name="method1" time="0.000"/>
  <system-out>
    <![CDATA[Login!!]]>
  </system-out>
  <testcase classname="testNGAnnotations_Flags.Flag3" name="method1" time="0.001"/>
  <system-out>
    <![CDATA[Login!!]]>
  </system-out>
  <testcase classname="testNGAnnotations_Flags.Flag3" name="method1" time="0.000"/>
  <system-out>
    <![CDATA[Login!!]]>
  </system-out>
  <testcase classname="testNGAnnotations_Flags.Flag3" name="method1" time="0.000"/>
  <system-out>
    <![CDATA[Login!!]]>
  </system-out>
  <testcase classname="testNGAnnotations_Flags.Flag3" name="method1" time="0.000"/>
  <system-out>
    <![CDATA[Login!!]]>
  </system-out>
  <testcase classname="testNGAnnotations_Flags.Flag3" name="method1" time="0.001"/>
  <system-out>
    <![CDATA[Login!!]]>
  </system-out>
  <testcase classname="testNGAnnotations_Flags.Flag3" name="method1" time="0.000"/>
  <system-out>
    <![CDATA[Login!!]]>
  </system-out>
  <testcase classname="testNGAnnotations_Flags.Flag3" name="method1" time="0.000"/>
  <system-out>
    <![CDATA[Login!!]]>
  </system-out>
  <testcase classname="testNGAnnotations_Flags.Flag3" name="method1" time="0.000"/>
  <system-out>
    <![CDATA[Login!!]]>
  </system-out>
  <testcase classname="testNGAnnotations_Flags.Flag3" name="method1" time="0.001"/>
  <system-out>
    <![CDATA[Login!!]]>
  </system-out>
  <testcase classname="testNGAnnotations_Flags.Flag3" name="method1" time="0.000"/>
  <system-out>
    <![CDATA[Login!!]]>
  </system-out>
  <testcase classname="testNGAnnotations_Flags.Flag3" name="method1" time="0.001"/>
  <system-out>
    <![CDATA[Login!!]]>
  </system-out>
  <testcase classname="testNGAnnotations_Flags.Flag3" name="method1" time="0.000"/>
  <system-out>
    <![CDATA[Login!!]]>
  </system-out>
  <testcase classname="testNGAnnotations_Flags.Flag3" name="method1" time="0.000"/>
  <system-out>
    <![CDATA[Login!!]]>
  </system-out>
  <testcase classname="testNGAnnotations_Flags.Flag3" name="method1" time="0.001"/>
  <system-out>
    <![CDATA[Login!!]]>
  </system-out>
  <testcase classname="testNGAnnotations_Flags.Flag3" name="method1" time="0.000"/>
  <system-out>
    <![CDATA[Login!!]]>
  </system-out>
  <testcase classname="testNGAnnotations_Flags.Flag3" name="method1" time="0.000"/>
  <system-out>
    <![CDATA[Login!!]]>
  </system-out>
  <testcase classname="testNGAnnotations_Flags.Flag3" name="method1" time="0.000"/>
  <system-out>
    <![CDATA[Login!!]]>
  </system-out>
  <testcase classname="testNGAnnotations_Flags.Flag3" name="method1" time="0.001"/>
  <system-out>
    <![CDATA[Login!!]]>
  </system-out>
  <testcase classname="testNGAnnotations_Flags.Flag3" name="method1" time="0.000"/>
  <system-out>
    <![CDATA[Login!!]]>
  </system-out>
  <testcase classname="testNGAnnotations_Flags.Flag3" name="method1" time="0.000"/>
  <system-out>
    <![CDATA[Login!!]]>
  </system-out>
  <testcase classname="testNGAnnotations_Flags.Flag3" name="method1" time="0.000"/>
  <system-out>
    <![CDATA[Login!!]]>
  </system-out>
  <testcase classname="testNGAnnotations_Flags.Flag3" name="method1" time="0.000"/>
  <system-out>
    <![CDATA[Login!!]]>
  </system-out>
  <testcase classname="testNGAnnotations_Flags.Flag3" name="method1" time="0.000"/>
  <system-out>
    <![CDATA[Login!!]]>
  </system-out>
  <testcase classname="testNGAnnotations_Flags.Flag3" name="method1" time="0.000"/>
  <system-out>
    <![CDATA[Login!!]]>
  </system-out>
  <testcase classname="testNGAnnotations_Flags.Flag3" name="method1" time="0.001"/>
  <system-out>
    <![CDATA[Login!!]]>
  </system-out>
  <testcase classname="testNGAnnotations_Flags.Flag3" name="method1" time="0.000"/>
  <system-out>
    <![CDATA[Login!!]]>
  </system-out>
  <testcase classname="testNGAnnotations_Flags.Flag3" name="method1" time="0.000"/>
  <system-out>
    <![CDATA[Login!!]]>
  </system-out>
  <testcase classname="testNGAnnotations_Flags.Flag3" name="method1" time="0.000"/>
  <system-out>
    <![CDATA[Login!!]]>
  </system-out>
  <testcase classname="testNGAnnotations_Flags.Flag3" name="method1" time="0.000"/>
  <system-out>
    <![CDATA[Login!!]]>
  </system-out>
  <testcase classname="testNGAnnotations_Flags.Flag3" name="method1" time="0.000"/>
  <system-out>
    <![CDATA[Login!!]]>
  </system-out>
  <testcase classname="testNGAnnotations_Flags.Flag3" name="method1" time="0.000"/>
  <system-out>
    <![CDATA[Login!!]]>
  </system-out>
  <testcase classname="testNGAnnotations_Flags.Flag3" name="method1" time="0.000"/>
  <system-out>
    <![CDATA[Login!!]]>
  </system-out>
  <testcase classname="testNGAnnotations_Flags.Flag3" name="method1" time="0.000"/>
  <system-out>
    <![CDATA[Login!!]]>
  </system-out>
  <testcase classname="testNGAnnotations_Flags.Flag3" name="method1" time="0.001"/>
  <system-out>
    <![CDATA[Login!!]]>
  </system-out>
  <testcase classname="testNGAnnotations_Flags.Flag3" name="method1" time="0.002"/>
  <system-out>
    <![CDATA[Login!!]]>
  </system-out>
  <testcase classname="testNGAnnotations_Flags.Flag3" name="method1" time="0.000"/>
  <system-out>
    <![CDATA[Login!!]]>
  </system-out>
  <testcase classname="testNGAnnotations_Flags.Flag3" name="method1" time="0.001"/>
  <system-out>
    <![CDATA[Login!!]]>
  </system-out>
  <testcase classname="testNGAnnotations_Flags.Flag3" name="method1" time="0.000"/>
  <system-out>
    <![CDATA[Login!!]]>
  </system-out>
  <testcase classname="testNGAnnotations_Flags.Flag3" name="method1" time="0.000"/>
  <system-out>
    <![CDATA[Login!!]]>
  </system-out>
  <testcase classname="testNGAnnotations_Flags.Flag3" name="method1" time="0.000"/>
  <system-out>
    <![CDATA[Login!!]]>
  </system-out>
  <testcase classname="testNGAnnotations_Flags.Flag3" name="method1" time="0.000"/>
  <system-out>
    <![CDATA[Login!!]]>
  </system-out>
  <testcase classname="testNGAnnotations_Flags.Flag3" name="method1" time="0.000"/>
  <system-out>
    <![CDATA[Login!!]]>
  </system-out>
  <testcase classname="testNGAnnotations_Flags.Flag3" name="method1" time="0.000"/>
  <system-out>
    <![CDATA[Login!!]]>
  </system-out>
  <testcase classname="testNGAnnotations_Flags.Flag3" name="method1" time="0.000"/>
  <system-out>
    <![CDATA[Login!!]]>
  </system-out>
  <testcase classname="testNGAnnotations_Flags.Flag3" name="method1" time="0.000"/>
  <system-out>
    <![CDATA[Login!!]]>
  </system-out>
  <testcase classname="testNGAnnotations_Flags.Flag3" name="method1" time="0.000"/>
  <system-out>
    <![CDATA[Login!!]]>
  </system-out>
  <testcase classname="testNGAnnotations_Flags.Flag3" name="method1" time="0.000"/>
  <system-out>
    <![CDATA[Login!!]]>
  </system-out>
  <testcase classname="testNGAnnotations_Flags.Flag3" name="method1" time="0.000"/>
  <system-out>
    <![CDATA[Login!!]]>
  </system-out>
  <testcase classname="testNGAnnotations_Flags.Flag3" name="method1" time="0.001"/>
  <system-out>
    <![CDATA[Login!!]]>
  </system-out>
  <testcase classname="testNGAnnotations_Flags.Flag3" name="method1" time="0.001"/>
  <system-out>
    <![CDATA[Login!!]]>
  </system-out>
  <testcase classname="testNGAnnotations_Flags.Flag3" name="method1" time="0.000"/>
  <system-out>
    <![CDATA[Login!!]]>
  </system-out>
  <testcase classname="testNGAnnotations_Flags.Flag3" name="method1" time="0.000"/>
  <system-out>
    <![CDATA[Login!!]]>
  </system-out>
  <testcase classname="testNGAnnotations_Flags.Flag3" name="method1" time="0.001"/>
  <system-out>
    <![CDATA[Login!!]]>
  </system-out>
  <testcase classname="testNGAnnotations_Flags.Flag3" name="method1" time="0.000"/>
  <system-out>
    <![CDATA[Login!!]]>
  </system-out>
  <testcase classname="testNGAnnotations_Flags.Flag3" name="method1" time="0.000"/>
  <system-out>
    <![CDATA[Login!!]]>
  </system-out>
  <testcase classname="testNGAnnotations_Flags.Flag3" name="method1" time="0.000"/>
  <system-out>
    <![CDATA[Login!!]]>
  </system-out>
  <testcase classname="testNGAnnotations_Flags.Flag3" name="method1" time="0.001"/>
  <system-out>
    <![CDATA[Login!!]]>
  </system-out>
  <testcase classname="testNGAnnotations_Flags.Flag3" name="method1" time="0.000"/>
  <system-out>
    <![CDATA[Login!!]]>
  </system-out>
  <testcase classname="testNGAnnotations_Flags.Flag3" name="method1" time="0.000"/>
  <system-out>
    <![CDATA[Login!!]]>
  </system-out>
  <testcase classname="testNGAnnotations_Flags.Flag3" name="method1" time="0.000"/>
  <system-out>
    <![CDATA[Login!!]]>
  </system-out>
  <testcase classname="testNGAnnotations_Flags.Flag3" name="method1" time="0.000"/>
  <system-out>
    <![CDATA[Login!!]]>
  </system-out>
  <testcase classname="testNGAnnotations_Flags.Flag3" name="method1" time="0.000"/>
  <system-out>
    <![CDATA[Login!!]]>
  </system-out>
  <testcase classname="testNGAnnotations_Flags.Flag3" name="method1" time="0.001"/>
  <system-out>
    <![CDATA[Login!!]]>
  </system-out>
  <testcase classname="testNGAnnotations_Flags.Flag3" name="method1" time="0.000"/>
  <system-out>
    <![CDATA[Login!!]]>
  </system-out>
  <testcase classname="testNGAnnotations_Flags.Flag3" name="method1" time="0.000"/>
  <system-out>
    <![CDATA[Login!!]]>
  </system-out>
  <testcase classname="testNGAnnotations_Flags.Flag3" name="method1" time="0.000"/>
  <system-out>
    <![CDATA[Login!!]]>
  </system-out>
  <testcase classname="testNGAnnotations_Flags.Flag3" name="method1" time="0.000"/>
  <system-out>
    <![CDATA[Login!!]]>
  </system-out>
  <testcase classname="testNGAnnotations_Flags.Flag3" name="method1" time="0.000"/>
  <system-out>
    <![CDATA[Login!!]]>
  </system-out>
  <testcase classname="testNGAnnotations_Flags.Flag3" name="method1" time="0.000"/>
  <system-out>
    <![CDATA[Login!!]]>
  </system-out>
  <testcase classname="testNGAnnotations_Flags.Flag3" name="method1" time="0.000"/>
  <system-out>
    <![CDATA[Login!!]]>
  </system-out>
  <testcase classname="testNGAnnotations_Flags.Flag3" name="method1" time="0.002"/>
  <system-out>
    <![CDATA[Login!!]]>
  </system-out>
  <testcase classname="testNGAnnotations_Flags.Flag3" name="method1" time="0.000"/>
  <system-out>
    <![CDATA[Login!!]]>
  </system-out>
  <testcase classname="testNGAnnotations_Flags.Flag3" name="method1" time="0.000"/>
  <system-out>
    <![CDATA[Login!!]]>
  </system-out>
  <testcase classname="testNGAnnotations_Flags.Flag3" name="method1" time="0.000"/>
  <system-out>
    <![CDATA[Login!!]]>
  </system-out>
  <testcase classname="testNGAnnotations_Flags.Flag3" name="method1" time="0.000"/>
  <system-out>
    <![CDATA[Login!!]]>
  </system-out>
  <testcase classname="testNGAnnotations_Flags.Flag3" name="method1" time="0.000"/>
  <system-out>
    <![CDATA[Login!!]]>
  </system-out>
  <testcase classname="testNGAnnotations_Flags.Flag3" name="method1" time="0.000"/>
  <system-out>
    <![CDATA[Login!!]]>
  </system-out>
  <testcase classname="testNGAnnotations_Flags.Flag3" name="method1" time="0.000"/>
  <system-out>
    <![CDATA[Login!!]]>
  </system-out>
  <testcase classname="testNGAnnotations_Flags.Flag3" name="method1" time="0.000"/>
  <system-out>
    <![CDATA[Login!!]]>
  </system-out>
  <testcase classname="testNGAnnotations_Flags.Flag3" name="method1" time="0.000"/>
  <system-out>
    <![CDATA[Login!!]]>
  </system-out>
  <testcase classname="testNGAnnotations_Flags.Flag3" name="method1" time="0.000"/>
  <system-out>
    <![CDATA[Login!!]]>
  </system-out>
  <testcase classname="testNGAnnotations_Flags.Flag3" name="method1" time="0.000"/>
  <system-out>
    <![CDATA[Login!!]]>
  </system-out>
  <testcase classname="testNGAnnotations_Flags.Flag3" name="method1" time="0.000"/>
  <system-out>
    <![CDATA[Login!!]]>
  </system-out>
  <testcase classname="testNGAnnotations_Flags.Flag3" name="method1" time="0.000"/>
  <system-out>
    <![CDATA[Login!!]]>
  </system-out>
  <testcase classname="testNGAnnotations_Flags.Flag3" name="method1" time="0.000"/>
  <system-out>
    <![CDATA[Login!!]]>
  </system-out>
  <testcase classname="testNGAnnotations_Flags.Flag3" name="method1" time="0.000"/>
  <system-out>
    <![CDATA[Login!!]]>
  </system-out>
  <testcase classname="testNGAnnotations_Flags.Flag3" name="method1" time="0.000"/>
  <system-out>
    <![CDATA[Login!!]]>
  </system-out>
  <testcase classname="testNGAnnotations_Flags.Flag3" name="method1" time="0.000"/>
  <system-out>
    <![CDATA[Login!!]]>
  </system-out>
  <testcase classname="testNGAnnotations_Flags.Flag3" name="method1" time="0.001"/>
  <system-out>
    <![CDATA[Login!!]]>
  </system-out>
  <testcase classname="testNGAnnotations_Flags.Flag3" name="method1" time="0.000"/>
  <system-out>
    <![CDATA[Login!!]]>
  </system-out>
  <testcase classname="testNGAnnotations_Flags.Flag3" name="method1" time="0.001"/>
  <system-out>
    <![CDATA[Login!!]]>
  </system-out>
  <testcase classname="testNGAnnotations_Flags.Flag3" name="method1" time="0.000"/>
  <system-out>
    <![CDATA[Login!!]]>
  </system-out>
  <testcase classname="testNGAnnotations_Flags.Flag3" name="method1" time="0.000"/>
  <system-out>
    <![CDATA[Login!!]]>
  </system-out>
  <testcase classname="testNGAnnotations_Flags.Flag3" name="method1" time="0.000"/>
  <system-out>
    <![CDATA[Login!!]]>
  </system-out>
  <testcase classname="testNGAnnotations_Flags.Flag3" name="method1" time="0.000"/>
  <system-out>
    <![CDATA[Login!!]]>
  </system-out>
  <testcase classname="testNGAnnotations_Flags.Flag3" name="method1" time="0.001"/>
  <system-out>
    <![CDATA[Login!!]]>
  </system-out>
  <testcase classname="testNGAnnotations_Flags.Flag3" name="method1" time="0.000"/>
  <system-out>
    <![CDATA[Login!!]]>
  </system-out>
  <testcase classname="testNGAnnotations_Flags.Flag3" name="method1" time="0.001"/>
  <system-out>
    <![CDATA[Login!!]]>
  </system-out>
  <testcase classname="testNGAnnotations_Flags.Flag3" name="method1" time="0.000"/>
  <system-out>
    <![CDATA[Login!!]]>
  </system-out>
  <testcase classname="testNGAnnotations_Flags.Flag3" name="method1" time="0.000"/>
  <system-out>
    <![CDATA[Login!!]]>
  </system-out>
  <testcase classname="testNGAnnotations_Flags.Flag3" name="method1" time="0.001"/>
  <system-out>
    <![CDATA[Login!!]]>
  </system-out>
  <testcase classname="testNGAnnotations_Flags.Flag3" name="method1" time="0.000"/>
  <system-out>
    <![CDATA[Login!!]]>
  </system-out>
  <testcase classname="testNGAnnotations_Flags.Flag3" name="method1" time="0.000"/>
  <system-out>
    <![CDATA[Login!!]]>
  </system-out>
  <testcase classname="testNGAnnotations_Flags.Flag3" name="method1" time="0.000"/>
  <system-out>
    <![CDATA[Login!!]]>
  </system-out>
  <testcase classname="testNGAnnotations_Flags.Flag3" name="method1" time="0.000"/>
  <system-out>
    <![CDATA[Login!!]]>
  </system-out>
  <testcase classname="testNGAnnotations_Flags.Flag3" name="method1" time="0.000"/>
  <system-out>
    <![CDATA[Login!!]]>
  </system-out>
  <testcase classname="testNGAnnotations_Flags.Flag3" name="method1" time="0.000"/>
  <system-out>
    <![CDATA[Login!!]]>
  </system-out>
  <testcase classname="testNGAnnotations_Flags.Flag3" name="method1" time="0.000"/>
  <system-out>
    <![CDATA[Login!!]]>
  </system-out>
  <testcase classname="testNGAnnotations_Flags.Flag3" name="method1" time="0.000"/>
  <system-out>
    <![CDATA[Login!!]]>
  </system-out>
  <testcase classname="testNGAnnotations_Flags.Flag3" name="method1" time="0.001"/>
  <system-out>
    <![CDATA[Login!!]]>
  </system-out>
  <testcase classname="testNGAnnotations_Flags.Flag3" name="method1" time="0.000"/>
  <system-out>
    <![CDATA[Login!!]]>
  </system-out>
  <testcase classname="testNGAnnotations_Flags.Flag3" name="method1" time="0.001"/>
  <system-out>
    <![CDATA[Login!!]]>
  </system-out>
  <testcase classname="testNGAnnotations_Flags.Flag3" name="method1" time="0.000"/>
  <system-out>
    <![CDATA[Login!!]]>
  </system-out>
  <testcase classname="testNGAnnotations_Flags.Flag3" name="method1" time="0.000"/>
  <system-out>
    <![CDATA[Login!!]]>
  </system-out>
  <testcase classname="testNGAnnotations_Flags.Flag3" name="method1" time="0.000"/>
  <system-out>
    <![CDATA[Login!!]]>
  </system-out>
  <testcase classname="testNGAnnotations_Flags.Flag3" name="method1" time="0.001"/>
  <system-out>
    <![CDATA[Login!!]]>
  </system-out>
  <testcase classname="testNGAnnotations_Flags.Flag3" name="method1" time="0.000"/>
  <system-out>
    <![CDATA[Login!!]]>
  </system-out>
  <testcase classname="testNGAnnotations_Flags.Flag3" name="method1" time="0.000"/>
  <system-out>
    <![CDATA[Login!!]]>
  </system-out>
  <testcase classname="testNGAnnotations_Flags.Flag3" name="method1" time="0.001"/>
  <system-out>
    <![CDATA[Login!!]]>
  </system-out>
  <testcase classname="testNGAnnotations_Flags.Flag3" name="method1" time="0.001"/>
  <system-out>
    <![CDATA[Login!!]]>
  </system-out>
  <testcase classname="testNGAnnotations_Flags.Flag3" name="method1" time="0.000"/>
  <system-out>
    <![CDATA[Login!!]]>
  </system-out>
  <testcase classname="testNGAnnotations_Flags.Flag3" name="method1" time="0.000"/>
  <system-out>
    <![CDATA[Login!!]]>
  </system-out>
  <testcase classname="testNGAnnotations_Flags.Flag3" name="method1" time="0.000"/>
  <system-out>
    <![CDATA[Login!!]]>
  </system-out>
  <testcase classname="testNGAnnotations_Flags.Flag3" name="method1" time="0.001"/>
  <system-out>
    <![CDATA[Login!!]]>
  </system-out>
  <testcase classname="testNGAnnotations_Flags.Flag3" name="method1" time="0.000"/>
  <system-out>
    <![CDATA[Login!!]]>
  </system-out>
  <testcase classname="testNGAnnotations_Flags.Flag3" name="method1" time="0.001"/>
  <system-out>
    <![CDATA[Login!!]]>
  </system-out>
  <testcase classname="testNGAnnotations_Flags.Flag3" name="method1" time="0.001"/>
  <system-out>
    <![CDATA[Login!!]]>
  </system-out>
  <testcase classname="testNGAnnotations_Flags.Flag3" name="method1" time="0.000"/>
  <system-out>
    <![CDATA[Login!!]]>
  </system-out>
  <testcase classname="testNGAnnotations_Flags.Flag3" name="method1" time="0.000"/>
  <system-out>
    <![CDATA[Login!!]]>
  </system-out>
  <testcase classname="testNGAnnotations_Flags.Flag3" name="method1" time="0.001"/>
  <system-out>
    <![CDATA[Login!!]]>
  </system-out>
  <testcase classname="testNGAnnotations_Flags.Flag3" name="method1" time="0.000"/>
  <system-out>
    <![CDATA[Login!!]]>
  </system-out>
  <testcase classname="testNGAnnotations_Flags.Flag3" name="method1" time="0.000"/>
  <system-out>
    <![CDATA[Login!!]]>
  </system-out>
  <testcase classname="testNGAnnotations_Flags.Flag3" name="method1" time="0.001"/>
  <system-out>
    <![CDATA[Login!!]]>
  </system-out>
  <testcase classname="testNGAnnotations_Flags.Flag3" name="method1" time="0.000"/>
  <system-out>
    <![CDATA[Login!!]]>
  </system-out>
  <testcase classname="testNGAnnotations_Flags.Flag3" name="method1" time="0.000"/>
  <system-out>
    <![CDATA[Login!!]]>
  </system-out>
  <testcase classname="testNGAnnotations_Flags.Flag3" name="method1" time="0.000"/>
  <system-out>
    <![CDATA[Login!!]]>
  </system-out>
  <testcase classname="testNGAnnotations_Flags.Flag3" name="method1" time="0.000"/>
  <system-out>
    <![CDATA[Login!!]]>
  </system-out>
  <testcase classname="testNGAnnotations_Flags.Flag3" name="method1" time="0.000"/>
  <system-out>
    <![CDATA[Login!!]]>
  </system-out>
  <testcase classname="testNGAnnotations_Flags.Flag3" name="method1" time="0.000"/>
  <system-out>
    <![CDATA[Login!!]]>
  </system-out>
  <testcase classname="testNGAnnotations_Flags.Flag3" name="method1" time="0.000"/>
  <system-out>
    <![CDATA[Login!!]]>
  </system-out>
  <testcase classname="testNGAnnotations_Flags.Flag3" name="method1" time="0.000"/>
  <system-out>
    <![CDATA[Login!!]]>
  </system-out>
  <testcase classname="testNGAnnotations_Flags.Flag3" name="method1" time="0.000"/>
  <system-out>
    <![CDATA[Login!!]]>
  </system-out>
  <testcase classname="testNGAnnotations_Flags.Flag3" name="method1" time="0.000"/>
  <system-out>
    <![CDATA[Login!!]]>
  </system-out>
  <testcase classname="testNGAnnotations_Flags.Flag3" name="method1" time="0.001"/>
  <system-out>
    <![CDATA[Login!!]]>
  </system-out>
  <testcase classname="testNGAnnotations_Flags.Flag3" name="method1" time="0.001"/>
  <system-out>
    <![CDATA[Login!!]]>
  </system-out>
  <testcase classname="testNGAnnotations_Flags.Flag3" name="method1" time="0.000"/>
  <system-out>
    <![CDATA[Login!!]]>
  </system-out>
  <testcase classname="testNGAnnotations_Flags.Flag3" name="method1" time="0.002"/>
  <system-out>
    <![CDATA[Login!!]]>
  </system-out>
  <testcase classname="testNGAnnotations_Flags.Flag3" name="method1" time="0.000"/>
  <system-out>
    <![CDATA[Login!!]]>
  </system-out>
  <testcase classname="testNGAnnotations_Flags.Flag3" name="method1" time="0.000"/>
  <system-out>
    <![CDATA[Login!!]]>
  </system-out>
  <testcase classname="testNGAnnotations_Flags.Flag3" name="method1" time="0.000"/>
  <system-out>
    <![CDATA[Login!!]]>
  </system-out>
  <testcase classname="testNGAnnotations_Flags.Flag3" name="method1" time="0.000"/>
  <system-out>
    <![CDATA[Login!!]]>
  </system-out>
  <testcase classname="testNGAnnotations_Flags.Flag3" name="method1" time="0.000"/>
  <system-out>
    <![CDATA[Login!!]]>
  </system-out>
  <testcase classname="testNGAnnotations_Flags.Flag3" name="method1" time="0.001"/>
  <system-out>
    <![CDATA[Login!!]]>
  </system-out>
  <testcase classname="testNGAnnotations_Flags.Flag3" name="method1" time="0.001"/>
  <system-out>
    <![CDATA[Login!!]]>
  </system-out>
  <testcase classname="testNGAnnotations_Flags.Flag3" name="method1" time="0.001"/>
  <system-out>
    <![CDATA[Login!!]]>
  </system-out>
  <testcase classname="testNGAnnotations_Flags.Flag3" name="method1" time="0.001"/>
  <system-out>
    <![CDATA[Login!!]]>
  </system-out>
  <testcase classname="testNGAnnotations_Flags.Flag3" name="method1" time="0.000"/>
  <system-out>
    <![CDATA[Login!!]]>
  </system-out>
  <testcase classname="testNGAnnotations_Flags.Flag3" name="method1" time="0.000"/>
  <system-out>
    <![CDATA[Login!!]]>
  </system-out>
  <testcase classname="testNGAnnotations_Flags.Flag3" name="method1" time="0.000"/>
  <system-out>
    <![CDATA[Login!!]]>
  </system-out>
  <testcase classname="testNGAnnotations_Flags.Flag3" name="method1" time="0.000"/>
  <system-out>
    <![CDATA[Login!!]]>
  </system-out>
  <testcase classname="testNGAnnotations_Flags.Flag3" name="method1" time="0.000"/>
  <system-out>
    <![CDATA[Login!!]]>
  </system-out>
  <testcase classname="testNGAnnotations_Flags.Flag3" name="method1" time="0.000"/>
  <system-out>
    <![CDATA[Login!!]]>
  </system-out>
  <testcase classname="testNGAnnotations_Flags.Flag3" name="method1" time="0.000"/>
  <system-out>
    <![CDATA[Login!!]]>
  </system-out>
  <testcase classname="testNGAnnotations_Flags.Flag3" name="method1" time="0.000"/>
  <system-out>
    <![CDATA[Login!!]]>
  </system-out>
  <testcase classname="testNGAnnotations_Flags.Flag3" name="method1" time="0.000"/>
  <system-out>
    <![CDATA[Login!!]]>
  </system-out>
  <testcase classname="testNGAnnotations_Flags.Flag3" name="method1" time="0.000"/>
  <system-out>
    <![CDATA[Login!!]]>
  </system-out>
  <testcase classname="testNGAnnotations_Flags.Flag3" name="method1" time="0.000"/>
  <system-out>
    <![CDATA[Login!!]]>
  </system-out>
  <testcase classname="testNGAnnotations_Flags.Flag3" name="method1" time="0.000"/>
  <system-out>
    <![CDATA[Login!!]]>
  </system-out>
  <testcase classname="testNGAnnotations_Flags.Flag3" name="method1" time="0.000"/>
  <system-out>
    <![CDATA[Login!!]]>
  </system-out>
  <testcase classname="testNGAnnotations_Flags.Flag3" name="method1" time="0.000"/>
  <system-out>
    <![CDATA[Login!!]]>
  </system-out>
  <testcase classname="testNGAnnotations_Flags.Flag3" name="method1" time="0.000"/>
  <system-out>
    <![CDATA[Login!!]]>
  </system-out>
  <testcase classname="testNGAnnotations_Flags.Flag3" name="method1" time="0.000"/>
  <system-out>
    <![CDATA[Login!!]]>
  </system-out>
  <testcase classname="testNGAnnotations_Flags.Flag3" name="method1" time="0.000"/>
  <system-out>
    <![CDATA[Login!!]]>
  </system-out>
  <testcase classname="testNGAnnotations_Flags.Flag3" name="method1" time="0.001"/>
  <system-out>
    <![CDATA[Login!!]]>
  </system-out>
  <testcase classname="testNGAnnotations_Flags.Flag3" name="method1" time="0.001"/>
  <system-out>
    <![CDATA[Login!!]]>
  </system-out>
  <testcase classname="testNGAnnotations_Flags.Flag3" name="method1" time="0.000"/>
  <system-out>
    <![CDATA[Login!!]]>
  </system-out>
  <testcase classname="testNGAnnotations_Flags.Flag3" name="method1" time="0.000"/>
  <system-out>
    <![CDATA[Login!!]]>
  </system-out>
  <testcase classname="testNGAnnotations_Flags.Flag3" name="method1" time="0.001"/>
  <system-out>
    <![CDATA[Login!!]]>
  </system-out>
  <testcase classname="testNGAnnotations_Flags.Flag3" name="method1" time="0.000"/>
  <system-out>
    <![CDATA[Login!!]]>
  </system-out>
  <testcase classname="testNGAnnotations_Flags.Flag3" name="method1" time="0.000"/>
  <system-out>
    <![CDATA[Login!!]]>
  </system-out>
  <testcase classname="testNGAnnotations_Flags.Flag3" name="method1" time="0.000"/>
  <system-out>
    <![CDATA[Login!!]]>
  </system-out>
  <testcase classname="testNGAnnotations_Flags.Flag3" name="method1" time="0.000"/>
  <system-out>
    <![CDATA[Login!!]]>
  </system-out>
  <testcase classname="testNGAnnotations_Flags.Flag3" name="method1" time="0.000"/>
  <system-out>
    <![CDATA[Login!!]]>
  </system-out>
  <testcase classname="testNGAnnotations_Flags.Flag3" name="method1" time="0.000"/>
  <system-out>
    <![CDATA[Login!!]]>
  </system-out>
  <testcase classname="testNGAnnotations_Flags.Flag3" name="method1" time="0.000"/>
  <system-out>
    <![CDATA[Login!!]]>
  </system-out>
  <testcase classname="testNGAnnotations_Flags.Flag3" name="method1" time="0.000"/>
  <system-out>
    <![CDATA[Login!!]]>
  </system-out>
  <testcase classname="testNGAnnotations_Flags.Flag3" name="method1" time="0.001"/>
  <system-out>
    <![CDATA[Login!!]]>
  </system-out>
  <testcase classname="testNGAnnotations_Flags.Flag3" name="method1" time="0.000"/>
  <system-out>
    <![CDATA[Login!!]]>
  </system-out>
  <testcase classname="testNGAnnotations_Flags.Flag3" name="method1" time="0.001"/>
  <system-out>
    <![CDATA[Login!!]]>
  </system-out>
  <testcase classname="testNGAnnotations_Flags.Flag3" name="method1" time="0.000"/>
  <system-out>
    <![CDATA[Login!!]]>
  </system-out>
  <testcase classname="testNGAnnotations_Flags.Flag3" name="method1" time="0.000"/>
  <system-out>
    <![CDATA[Login!!]]>
  </system-out>
  <testcase classname="testNGAnnotations_Flags.Flag3" name="method1" time="0.000"/>
  <system-out>
    <![CDATA[Login!!]]>
  </system-out>
  <testcase classname="testNGAnnotations_Flags.Flag3" name="method1" time="0.000"/>
  <system-out>
    <![CDATA[Login!!]]>
  </system-out>
  <testcase classname="testNGAnnotations_Flags.Flag3" name="method1" time="0.000"/>
  <system-out>
    <![CDATA[Login!!]]>
  </system-out>
  <testcase classname="testNGAnnotations_Flags.Flag3" name="method1" time="0.000"/>
  <system-out>
    <![CDATA[Login!!]]>
  </system-out>
  <testcase classname="testNGAnnotations_Flags.Flag3" name="method1" time="0.000"/>
  <system-out>
    <![CDATA[Login!!]]>
  </system-out>
  <testcase classname="testNGAnnotations_Flags.Flag3" name="method1" time="0.000"/>
  <system-out>
    <![CDATA[Login!!]]>
  </system-out>
  <testcase classname="testNGAnnotations_Flags.Flag3" name="method1" time="0.001"/>
  <system-out>
    <![CDATA[Login!!]]>
  </system-out>
  <testcase classname="testNGAnnotations_Flags.Flag3" name="method1" time="0.000"/>
  <system-out>
    <![CDATA[Login!!]]>
  </system-out>
  <testcase classname="testNGAnnotations_Flags.Flag3" name="method1" time="0.001"/>
  <system-out>
    <![CDATA[Login!!]]>
  </system-out>
  <testcase classname="testNGAnnotations_Flags.Flag3" name="method1" time="0.000"/>
  <system-out>
    <![CDATA[Login!!]]>
  </system-out>
  <testcase classname="testNGAnnotations_Flags.Flag3" name="method1" time="0.000"/>
  <system-out>
    <![CDATA[Login!!]]>
  </system-out>
  <testcase classname="testNGAnnotations_Flags.Flag3" name="method1" time="0.000"/>
  <system-out>
    <![CDATA[Login!!]]>
  </system-out>
  <testcase classname="testNGAnnotations_Flags.Flag3" name="method1" time="0.000"/>
  <system-out>
    <![CDATA[Login!!]]>
  </system-out>
  <testcase classname="testNGAnnotations_Flags.Flag3" name="method1" time="0.000"/>
  <system-out>
    <![CDATA[Login!!]]>
  </system-out>
  <testcase classname="testNGAnnotations_Flags.Flag3" name="method1" time="0.002"/>
  <system-out>
    <![CDATA[Login!!]]>
  </system-out>
  <testcase classname="testNGAnnotations_Flags.Flag3" name="method1" time="0.000"/>
  <system-out>
    <![CDATA[Login!!]]>
  </system-out>
  <testcase classname="testNGAnnotations_Flags.Flag3" name="method1" time="0.000"/>
  <system-out>
    <![CDATA[Login!!]]>
  </system-out>
  <testcase classname="testNGAnnotations_Flags.Flag3" name="method1" time="0.000"/>
  <system-out>
    <![CDATA[Login!!]]>
  </system-out>
  <testcase classname="testNGAnnotations_Flags.Flag3" name="method1" time="0.001"/>
  <system-out>
    <![CDATA[Login!!]]>
  </system-out>
  <testcase classname="testNGAnnotations_Flags.Flag3" name="method1" time="0.000"/>
  <system-out>
    <![CDATA[Login!!]]>
  </system-out>
  <testcase classname="testNGAnnotations_Flags.Flag3" name="method1" time="0.000"/>
  <system-out>
    <![CDATA[Login!!]]>
  </system-out>
  <testcase classname="testNGAnnotations_Flags.Flag3" name="method1" time="0.000"/>
  <system-out>
    <![CDATA[Login!!]]>
  </system-out>
  <testcase classname="testNGAnnotations_Flags.Flag3" name="method1" time="0.000"/>
  <system-out>
    <![CDATA[Login!!]]>
  </system-out>
  <testcase classname="testNGAnnotations_Flags.Flag3" name="method1" time="0.000"/>
  <system-out>
    <![CDATA[Login!!]]>
  </system-out>
  <testcase classname="testNGAnnotations_Flags.Flag3" name="method1" time="0.001"/>
  <system-out>
    <![CDATA[Login!!]]>
  </system-out>
  <testcase classname="testNGAnnotations_Flags.Flag3" name="method1" time="0.000"/>
  <system-out>
    <![CDATA[Login!!]]>
  </system-out>
  <testcase classname="testNGAnnotations_Flags.Flag3" name="method1" time="0.001"/>
  <system-out>
    <![CDATA[Login!!]]>
  </system-out>
  <testcase classname="testNGAnnotations_Flags.Flag3" name="method1" time="0.000"/>
  <system-out>
    <![CDATA[Login!!]]>
  </system-out>
  <testcase classname="testNGAnnotations_Flags.Flag3" name="method1" time="0.001"/>
  <system-out>
    <![CDATA[Login!!]]>
  </system-out>
  <testcase classname="testNGAnnotations_Flags.Flag3" name="method1" time="0.000"/>
  <system-out>
    <![CDATA[Login!!]]>
  </system-out>
  <testcase classname="testNGAnnotations_Flags.Flag3" name="method1" time="0.000"/>
  <system-out>
    <![CDATA[Login!!]]>
  </system-out>
  <testcase classname="testNGAnnotations_Flags.Flag3" name="method1" time="0.001"/>
  <system-out>
    <![CDATA[Login!!]]>
  </system-out>
  <testcase classname="testNGAnnotations_Flags.Flag3" name="method1" time="0.001"/>
  <system-out>
    <![CDATA[Login!!]]>
  </system-out>
  <testcase classname="testNGAnnotations_Flags.Flag3" name="method1" time="0.001"/>
  <system-out>
    <![CDATA[Login!!]]>
  </system-out>
  <testcase classname="testNGAnnotations_Flags.Flag3" name="method1" time="0.000"/>
  <system-out>
    <![CDATA[Login!!]]>
  </system-out>
  <testcase classname="testNGAnnotations_Flags.Flag3" name="method1" time="0.000"/>
  <system-out>
    <![CDATA[Login!!]]>
  </system-out>
  <testcase classname="testNGAnnotations_Flags.Flag3" name="method1" time="0.000"/>
  <system-out>
    <![CDATA[Login!!]]>
  </system-out>
  <testcase classname="testNGAnnotations_Flags.Flag3" name="method1" time="0.000"/>
  <system-out>
    <![CDATA[Login!!]]>
  </system-out>
  <testcase classname="testNGAnnotations_Flags.Flag3" name="method1" time="0.000"/>
  <system-out>
    <![CDATA[Login!!]]>
  </system-out>
  <testcase classname="testNGAnnotations_Flags.Flag3" name="method1" time="0.000"/>
  <system-out>
    <![CDATA[Login!!]]>
  </system-out>
  <testcase classname="testNGAnnotations_Flags.Flag3" name="method1" time="0.000"/>
  <system-out>
    <![CDATA[Login!!]]>
  </system-out>
  <testcase classname="testNGAnnotations_Flags.Flag3" name="method1" time="0.000"/>
  <system-out>
    <![CDATA[Login!!]]>
  </system-out>
  <testcase classname="testNGAnnotations_Flags.Flag3" name="method1" time="0.000"/>
  <system-out>
    <![CDATA[Login!!]]>
  </system-out>
  <testcase classname="testNGAnnotations_Flags.Flag3" name="method1" time="0.000"/>
  <system-out>
    <![CDATA[Login!!]]>
  </system-out>
  <testcase classname="testNGAnnotations_Flags.Flag3" name="method1" time="0.001"/>
  <system-out>
    <![CDATA[Login!!]]>
  </system-out>
  <testcase classname="testNGAnnotations_Flags.Flag3" name="method1" time="0.002"/>
  <system-out>
    <![CDATA[Login!!]]>
  </system-out>
  <testcase classname="testNGAnnotations_Flags.Flag3" name="method1" time="0.000"/>
  <system-out>
    <![CDATA[Login!!]]>
  </system-out>
  <testcase classname="testNGAnnotations_Flags.Flag3" name="method1" time="0.000"/>
  <system-out>
    <![CDATA[Login!!]]>
  </system-out>
  <testcase classname="testNGAnnotations_Flags.Flag3" name="method1" time="0.000"/>
  <system-out>
    <![CDATA[Login!!]]>
  </system-out>
  <testcase classname="testNGAnnotations_Flags.Flag3" name="method1" time="0.000"/>
  <system-out>
    <![CDATA[Login!!]]>
  </system-out>
  <testcase classname="testNGAnnotations_Flags.Flag3" name="method1" time="0.000"/>
  <system-out>
    <![CDATA[Login!!]]>
  </system-out>
  <testcase classname="testNGAnnotations_Flags.Flag3" name="method1" time="0.001"/>
  <system-out>
    <![CDATA[Login!!]]>
  </system-out>
  <testcase classname="testNGAnnotations_Flags.Flag3" name="method1" time="0.000"/>
  <system-out>
    <![CDATA[Login!!]]>
  </system-out>
  <testcase classname="testNGAnnotations_Flags.Flag3" name="method1" time="0.001"/>
  <system-out>
    <![CDATA[Login!!]]>
  </system-out>
  <testcase classname="testNGAnnotations_Flags.Flag3" name="method1" time="0.000"/>
  <system-out>
    <![CDATA[Login!!]]>
  </system-out>
  <testcase classname="testNGAnnotations_Flags.Flag3" name="method1" time="0.000"/>
  <system-out>
    <![CDATA[Login!!]]>
  </system-out>
  <testcase classname="testNGAnnotations_Flags.Flag3" name="method1" time="0.000"/>
  <system-out>
    <![CDATA[Login!!]]>
  </system-out>
  <testcase classname="testNGAnnotations_Flags.Flag3" name="method1" time="0.000"/>
  <system-out>
    <![CDATA[Login!!]]>
  </system-out>
  <testcase classname="testNGAnnotations_Flags.Flag3" name="method1" time="0.000"/>
  <system-out>
    <![CDATA[Login!!]]>
  </system-out>
  <testcase classname="testNGAnnotations_Flags.Flag3" name="method1" time="0.000"/>
  <system-out>
    <![CDATA[Login!!]]>
  </system-out>
  <testcase classname="testNGAnnotations_Flags.Flag3" name="method1" time="0.001"/>
  <system-out>
    <![CDATA[Login!!]]>
  </system-out>
  <testcase classname="testNGAnnotations_Flags.Flag3" name="method1" time="0.000"/>
  <system-out>
    <![CDATA[Login!!]]>
  </system-out>
  <testcase classname="testNGAnnotations_Flags.Flag3" name="method1" time="0.000"/>
  <system-out>
    <![CDATA[Login!!]]>
  </system-out>
  <testcase classname="testNGAnnotations_Flags.Flag3" name="method1" time="0.000"/>
  <system-out>
    <![CDATA[Login!!]]>
  </system-out>
  <testcase classname="testNGAnnotations_Flags.Flag3" name="method1" time="0.000"/>
  <system-out>
    <![CDATA[Login!!]]>
  </system-out>
  <testcase classname="testNGAnnotations_Flags.Flag3" name="method1" time="0.000"/>
  <system-out>
    <![CDATA[Login!!]]>
  </system-out>
  <testcase classname="testNGAnnotations_Flags.Flag3" name="method1" time="0.000"/>
  <system-out>
    <![CDATA[Login!!]]>
  </system-out>
  <testcase classname="testNGAnnotations_Flags.Flag3" name="method1" time="0.000"/>
  <system-out>
    <![CDATA[Login!!]]>
  </system-out>
  <testcase classname="testNGAnnotations_Flags.Flag3" name="method1" time="0.000"/>
  <system-out>
    <![CDATA[Login!!]]>
  </system-out>
  <testcase classname="testNGAnnotations_Flags.Flag3" name="method1" time="0.000"/>
  <system-out>
    <![CDATA[Login!!]]>
  </system-out>
  <testcase classname="testNGAnnotations_Flags.Flag3" name="method1" time="0.000"/>
  <system-out>
    <![CDATA[Login!!]]>
  </system-out>
  <testcase classname="testNGAnnotations_Flags.Flag3" name="method1" time="0.000"/>
  <system-out>
    <![CDATA[Login!!]]>
  </system-out>
  <testcase classname="testNGAnnotations_Flags.Flag3" name="method1" time="0.001"/>
  <system-out>
    <![CDATA[Login!!]]>
  </system-out>
  <testcase classname="testNGAnnotations_Flags.Flag3" name="method1" time="0.001"/>
  <system-out>
    <![CDATA[Login!!]]>
  </system-out>
  <testcase classname="testNGAnnotations_Flags.Flag3" name="method1" time="0.000"/>
  <system-out>
    <![CDATA[Login!!]]>
  </system-out>
  <testcase classname="testNGAnnotations_Flags.Flag3" name="method1" time="0.001"/>
  <system-out>
    <![CDATA[Login!!]]>
  </system-out>
  <testcase classname="testNGAnnotations_Flags.Flag3" name="method1" time="0.000"/>
  <system-out>
    <![CDATA[Login!!]]>
  </system-out>
  <testcase classname="testNGAnnotations_Flags.Flag3" name="method1" time="0.000"/>
  <system-out>
    <![CDATA[Login!!]]>
  </system-out>
  <testcase classname="testNGAnnotations_Flags.Flag3" name="method1" time="0.000"/>
  <system-out>
    <![CDATA[Login!!]]>
  </system-out>
  <testcase classname="testNGAnnotations_Flags.Flag3" name="method1" time="0.000"/>
  <system-out>
    <![CDATA[Login!!]]>
  </system-out>
  <testcase classname="testNGAnnotations_Flags.Flag3" name="method1" time="0.000"/>
  <system-out>
    <![CDATA[Login!!]]>
  </system-out>
  <testcase classname="testNGAnnotations_Flags.Flag3" name="method1" time="0.000"/>
  <system-out>
    <![CDATA[Login!!]]>
  </system-out>
  <testcase classname="testNGAnnotations_Flags.Flag3" name="method1" time="0.000"/>
  <system-out>
    <![CDATA[Login!!]]>
  </system-out>
  <testcase classname="testNGAnnotations_Flags.Flag3" name="method1" time="0.000"/>
  <system-out>
    <![CDATA[Login!!]]>
  </system-out>
  <testcase classname="testNGAnnotations_Flags.Flag3" name="method1" time="0.000"/>
  <system-out>
    <![CDATA[Login!!]]>
  </system-out>
  <testcase classname="testNGAnnotations_Flags.Flag3" name="method1" time="0.000"/>
  <system-out>
    <![CDATA[Login!!]]>
  </system-out>
  <testcase classname="testNGAnnotations_Flags.Flag3" name="method1" time="0.001"/>
  <system-out>
    <![CDATA[Login!!]]>
  </system-out>
  <testcase classname="testNGAnnotations_Flags.Flag3" name="method1" time="0.000"/>
  <system-out>
    <![CDATA[Login!!]]>
  </system-out>
  <testcase classname="testNGAnnotations_Flags.Flag3" name="method1" time="0.001"/>
  <system-out>
    <![CDATA[Login!!]]>
  </system-out>
  <testcase classname="testNGAnnotations_Flags.Flag3" name="method1" time="0.000"/>
  <system-out>
    <![CDATA[Login!!]]>
  </system-out>
  <testcase classname="testNGAnnotations_Flags.Flag3" name="method1" time="0.001"/>
  <system-out>
    <![CDATA[Login!!]]>
  </system-out>
  <testcase classname="testNGAnnotations_Flags.Flag3" name="method1" time="0.000"/>
  <system-out>
    <![CDATA[Login!!]]>
  </system-out>
  <testcase classname="testNGAnnotations_Flags.Flag3" name="method1" time="0.000"/>
  <system-out>
    <![CDATA[Login!!]]>
  </system-out>
  <testcase classname="testNGAnnotations_Flags.Flag3" name="method1" time="0.000"/>
  <system-out>
    <![CDATA[Login!!]]>
  </system-out>
  <testcase classname="testNGAnnotations_Flags.Flag3" name="method1" time="0.000"/>
  <system-out>
    <![CDATA[Login!!]]>
  </system-out>
  <testcase classname="testNGAnnotations_Flags.Flag3" name="method1" time="0.000"/>
  <system-out>
    <![CDATA[Login!!]]>
  </system-out>
  <testcase classname="testNGAnnotations_Flags.Flag3" name="method1" time="0.000"/>
  <system-out>
    <![CDATA[Login!!]]>
  </system-out>
  <testcase classname="testNGAnnotations_Flags.Flag3" name="method1" time="0.000"/>
  <system-out>
    <![CDATA[Login!!]]>
  </system-out>
  <testcase classname="testNGAnnotations_Flags.Flag3" name="method1" time="0.000"/>
  <system-out>
    <![CDATA[Login!!]]>
  </system-out>
  <testcase classname="testNGAnnotations_Flags.Flag3" name="method1" time="0.000"/>
  <system-out>
    <![CDATA[Login!!]]>
  </system-out>
  <testcase classname="testNGAnnotations_Flags.Flag3" name="method1" time="0.002"/>
  <system-out>
    <![CDATA[Login!!]]>
  </system-out>
  <testcase classname="testNGAnnotations_Flags.Flag3" name="method1" time="0.000"/>
  <system-out>
    <![CDATA[Login!!]]>
  </system-out>
  <testcase classname="testNGAnnotations_Flags.Flag3" name="method1" time="0.000"/>
  <system-out>
    <![CDATA[Login!!]]>
  </system-out>
  <testcase classname="testNGAnnotations_Flags.Flag3" name="method1" time="0.000"/>
  <system-out>
    <![CDATA[Login!!]]>
  </system-out>
  <testcase classname="testNGAnnotations_Flags.Flag3" name="method1" time="0.000"/>
  <system-out>
    <![CDATA[Login!!]]>
  </system-out>
  <testcase classname="testNGAnnotations_Flags.Flag3" name="method1" time="0.000"/>
  <system-out>
    <![CDATA[Login!!]]>
  </system-out>
  <testcase classname="testNGAnnotations_Flags.Flag3" name="method1" time="0.000"/>
  <system-out>
    <![CDATA[Login!!]]>
  </system-out>
  <testcase classname="testNGAnnotations_Flags.Flag3" name="method1" time="0.000"/>
  <system-out>
    <![CDATA[Login!!]]>
  </system-out>
  <testcase classname="testNGAnnotations_Flags.Flag3" name="method1" time="0.000"/>
  <system-out>
    <![CDATA[Login!!]]>
  </system-out>
  <testcase classname="testNGAnnotations_Flags.Flag3" name="method1" time="0.000"/>
  <system-out>
    <![CDATA[Login!!]]>
  </system-out>
  <testcase classname="testNGAnnotations_Flags.Flag3" name="method1" time="0.000"/>
  <system-out>
    <![CDATA[Login!!]]>
  </system-out>
  <testcase classname="testNGAnnotations_Flags.Flag3" name="method1" time="0.000"/>
  <system-out>
    <![CDATA[Login!!]]>
  </system-out>
  <testcase classname="testNGAnnotations_Flags.Flag3" name="method1" time="0.000"/>
  <system-out>
    <![CDATA[Login!!]]>
  </system-out>
  <testcase classname="testNGAnnotations_Flags.Flag3" name="method1" time="0.000"/>
  <system-out>
    <![CDATA[Login!!]]>
  </system-out>
  <testcase classname="testNGAnnotations_Flags.Flag3" name="method1" time="0.000"/>
  <system-out>
    <![CDATA[Login!!]]>
  </system-out>
  <testcase classname="testNGAnnotations_Flags.Flag3" name="method1" time="0.000"/>
  <system-out>
    <![CDATA[Login!!]]>
  </system-out>
  <testcase classname="testNGAnnotations_Flags.Flag3" name="method1" time="0.000"/>
  <system-out>
    <![CDATA[Login!!]]>
  </system-out>
  <testcase classname="testNGAnnotations_Flags.Flag3" name="method1" time="0.000"/>
  <system-out>
    <![CDATA[Login!!]]>
  </system-out>
  <testcase classname="testNGAnnotations_Flags.Flag3" name="method1" time="0.001"/>
  <system-out>
    <![CDATA[Login!!]]>
  </system-out>
  <testcase classname="testNGAnnotations_Flags.Flag3" name="method1" time="0.000"/>
  <system-out>
    <![CDATA[Login!!]]>
  </system-out>
  <testcase classname="testNGAnnotations_Flags.Flag3" name="method1" time="0.000"/>
  <system-out>
    <![CDATA[Login!!]]>
  </system-out>
  <testcase classname="testNGAnnotations_Flags.Flag3" name="method1" time="0.000"/>
  <system-out>
    <![CDATA[Login!!]]>
  </system-out>
  <testcase classname="testNGAnnotations_Flags.Flag3" name="method1" time="0.001"/>
  <system-out>
    <![CDATA[Login!!]]>
  </system-out>
  <testcase classname="testNGAnnotations_Flags.Flag3" name="method1" time="0.001"/>
  <system-out>
    <![CDATA[Login!!]]>
  </system-out>
  <testcase classname="testNGAnnotations_Flags.Flag3" name="method1" time="0.000"/>
  <system-out>
    <![CDATA[Login!!]]>
  </system-out>
  <testcase classname="testNGAnnotations_Flags.Flag3" name="method1" time="0.000"/>
  <system-out>
    <![CDATA[Login!!]]>
  </system-out>
  <testcase classname="testNGAnnotations_Flags.Flag3" name="method1" time="0.000"/>
  <system-out>
    <![CDATA[Login!!]]>
  </system-out>
  <testcase classname="testNGAnnotations_Flags.Flag3" name="method1" time="0.000"/>
  <system-out>
    <![CDATA[Login!!]]>
  </system-out>
  <testcase classname="testNGAnnotations_Flags.Flag3" name="method1" time="0.000"/>
  <system-out>
    <![CDATA[Login!!]]>
  </system-out>
  <testcase classname="testNGAnnotations_Flags.Flag3" name="method1" time="0.000"/>
  <system-out>
    <![CDATA[Login!!]]>
  </system-out>
  <testcase classname="testNGAnnotations_Flags.Flag3" name="method1" time="0.000"/>
  <system-out>
    <![CDATA[Login!!]]>
  </system-out>
  <testcase classname="testNGAnnotations_Flags.Flag3" name="method1" time="0.001"/>
  <system-out>
    <![CDATA[Login!!]]>
  </system-out>
  <testcase classname="testNGAnnotations_Flags.Flag3" name="method1" time="0.001"/>
  <system-out>
    <![CDATA[Login!!]]>
  </system-out>
  <testcase classname="testNGAnnotations_Flags.Flag3" name="method1" time="0.001"/>
  <system-out>
    <![CDATA[Login!!]]>
  </system-out>
  <testcase classname="testNGAnnotations_Flags.Flag3" name="method1" time="0.000"/>
  <system-out>
    <![CDATA[Login!!]]>
  </system-out>
  <testcase classname="testNGAnnotations_Flags.Flag3" name="method1" time="0.000"/>
  <system-out>
    <![CDATA[Login!!]]>
  </system-out>
  <testcase classname="testNGAnnotations_Flags.Flag3" name="method1" time="0.000"/>
  <system-out>
    <![CDATA[Login!!]]>
  </system-out>
  <testcase classname="testNGAnnotations_Flags.Flag3" name="method1" time="0.001"/>
  <system-out>
    <![CDATA[Login!!]]>
  </system-out>
  <testcase classname="testNGAnnotations_Flags.Flag3" name="method1" time="0.001"/>
  <system-out>
    <![CDATA[Login!!]]>
  </system-out>
  <testcase classname="testNGAnnotations_Flags.Flag3" name="method1" time="0.001"/>
  <system-out>
    <![CDATA[Login!!]]>
  </system-out>
  <testcase classname="testNGAnnotations_Flags.Flag3" name="method1" time="0.000"/>
  <system-out>
    <![CDATA[Login!!]]>
  </system-out>
  <testcase classname="testNGAnnotations_Flags.Flag3" name="method1" time="0.001"/>
  <system-out>
    <![CDATA[Login!!]]>
  </system-out>
  <testcase classname="testNGAnnotations_Flags.Flag3" name="method1" time="0.000"/>
  <system-out>
    <![CDATA[Login!!]]>
  </system-out>
  <testcase classname="testNGAnnotations_Flags.Flag3" name="method1" time="0.001"/>
  <system-out>
    <![CDATA[Login!!]]>
  </system-out>
  <testcase classname="testNGAnnotations_Flags.Flag3" name="method1" time="0.000"/>
  <system-out>
    <![CDATA[Login!!]]>
  </system-out>
  <testcase classname="testNGAnnotations_Flags.Flag3" name="method1" time="0.000"/>
  <system-out>
    <![CDATA[Login!!]]>
  </system-out>
  <testcase classname="testNGAnnotations_Flags.Flag3" name="method1" time="0.000"/>
  <system-out>
    <![CDATA[Login!!]]>
  </system-out>
  <testcase classname="testNGAnnotations_Flags.Flag3" name="method1" time="0.000"/>
  <system-out>
    <![CDATA[Login!!]]>
  </system-out>
  <testcase classname="testNGAnnotations_Flags.Flag3" name="method1" time="0.001"/>
  <system-out>
    <![CDATA[Login!!]]>
  </system-out>
  <testcase classname="testNGAnnotations_Flags.Flag3" name="method1" time="0.000"/>
  <system-out>
    <![CDATA[Login!!]]>
  </system-out>
  <testcase classname="testNGAnnotations_Flags.Flag3" name="method1" time="0.000"/>
  <system-out>
    <![CDATA[Login!!]]>
  </system-out>
  <testcase classname="testNGAnnotations_Flags.Flag3" name="method1" time="0.000"/>
  <system-out>
    <![CDATA[Login!!]]>
  </system-out>
  <testcase classname="testNGAnnotations_Flags.Flag3" name="method1" time="0.001"/>
  <system-out>
    <![CDATA[Login!!]]>
  </system-out>
  <testcase classname="testNGAnnotations_Flags.Flag3" name="method1" time="0.000"/>
  <system-out>
    <![CDATA[Login!!]]>
  </system-out>
  <testcase classname="testNGAnnotations_Flags.Flag3" name="method1" time="0.001"/>
  <system-out>
    <![CDATA[Login!!]]>
  </system-out>
  <testcase classname="testNGAnnotations_Flags.Flag3" name="method1" time="0.001"/>
  <system-out>
    <![CDATA[Login!!]]>
  </system-out>
  <testcase classname="testNGAnnotations_Flags.Flag3" name="method1" time="0.000"/>
  <system-out>
    <![CDATA[Login!!]]>
  </system-out>
  <testcase classname="testNGAnnotations_Flags.Flag3" name="method1" time="0.000"/>
  <system-out>
    <![CDATA[Login!!]]>
  </system-out>
  <testcase classname="testNGAnnotations_Flags.Flag3" name="method1" time="0.000"/>
  <system-out>
    <![CDATA[Login!!]]>
  </system-out>
  <testcase classname="testNGAnnotations_Flags.Flag3" name="method1" time="0.000"/>
  <system-out>
    <![CDATA[Login!!]]>
  </system-out>
  <testcase classname="testNGAnnotations_Flags.Flag3" name="method1" time="0.000"/>
  <system-out>
    <![CDATA[Login!!]]>
  </system-out>
  <testcase classname="testNGAnnotations_Flags.Flag3" name="method1" time="0.000"/>
  <system-out>
    <![CDATA[Login!!]]>
  </system-out>
  <testcase classname="testNGAnnotations_Flags.Flag3" name="method1" time="0.000"/>
  <system-out>
    <![CDATA[Login!!]]>
  </system-out>
  <testcase classname="testNGAnnotations_Flags.Flag3" name="method1" time="0.000"/>
  <system-out>
    <![CDATA[Login!!]]>
  </system-out>
  <testcase classname="testNGAnnotations_Flags.Flag3" name="method1" time="0.001"/>
  <system-out>
    <![CDATA[Login!!]]>
  </system-out>
  <testcase classname="testNGAnnotations_Flags.Flag3" name="method1" time="0.000"/>
  <system-out>
    <![CDATA[Login!!]]>
  </system-out>
  <testcase classname="testNGAnnotations_Flags.Flag3" name="method1" time="0.002"/>
  <system-out>
    <![CDATA[Login!!]]>
  </system-out>
  <testcase classname="testNGAnnotations_Flags.Flag3" name="method1" time="0.001"/>
  <system-out>
    <![CDATA[Login!!]]>
  </system-out>
  <testcase classname="testNGAnnotations_Flags.Flag3" name="method1" time="0.000"/>
  <system-out>
    <![CDATA[Login!!]]>
  </system-out>
  <testcase classname="testNGAnnotations_Flags.Flag3" name="method1" time="0.001"/>
  <system-out>
    <![CDATA[Login!!]]>
  </system-out>
  <testcase classname="testNGAnnotations_Flags.Flag3" name="method1" time="0.000"/>
  <system-out>
    <![CDATA[Login!!]]>
  </system-out>
  <testcase classname="testNGAnnotations_Flags.Flag3" name="method1" time="0.000"/>
  <system-out>
    <![CDATA[Login!!]]>
  </system-out>
  <testcase classname="testNGAnnotations_Flags.Flag3" name="method1" time="0.001"/>
  <system-out>
    <![CDATA[Login!!]]>
  </system-out>
  <testcase classname="testNGAnnotations_Flags.Flag3" name="method1" time="0.000"/>
  <system-out>
    <![CDATA[Login!!]]>
  </system-out>
  <testcase classname="testNGAnnotations_Flags.Flag3" name="method1" time="0.000"/>
  <system-out>
    <![CDATA[Login!!]]>
  </system-out>
  <testcase classname="testNGAnnotations_Flags.Flag3" name="method1" time="0.000"/>
  <system-out>
    <![CDATA[Login!!]]>
  </system-out>
  <testcase classname="testNGAnnotations_Flags.Flag3" name="method1" time="0.000"/>
  <system-out>
    <![CDATA[Login!!]]>
  </system-out>
  <testcase classname="testNGAnnotations_Flags.Flag3" name="method1" time="0.000"/>
  <system-out>
    <![CDATA[Login!!]]>
  </system-out>
  <testcase classname="testNGAnnotations_Flags.Flag3" name="method1" time="0.000"/>
  <system-out>
    <![CDATA[Login!!]]>
  </system-out>
  <testcase classname="testNGAnnotations_Flags.Flag3" name="method1" time="0.001"/>
  <system-out>
    <![CDATA[Login!!]]>
  </system-out>
  <testcase classname="testNGAnnotations_Flags.Flag3" name="method1" time="0.001"/>
  <system-out>
    <![CDATA[Login!!]]>
  </system-out>
  <testcase classname="testNGAnnotations_Flags.Flag3" name="method1" time="0.000"/>
  <system-out>
    <![CDATA[Login!!]]>
  </system-out>
  <testcase classname="testNGAnnotations_Flags.Flag3" name="method1" time="0.000"/>
  <system-out>
    <![CDATA[Login!!]]>
  </system-out>
  <testcase classname="testNGAnnotations_Flags.Flag3" name="method1" time="0.000"/>
  <system-out>
    <![CDATA[Login!!]]>
  </system-out>
  <testcase classname="testNGAnnotations_Flags.Flag3" name="method1" time="0.002"/>
  <system-out>
    <![CDATA[Login!!]]>
  </system-out>
  <testcase classname="testNGAnnotations_Flags.Flag3" name="method1" time="0.000"/>
  <system-out>
    <![CDATA[Login!!]]>
  </system-out>
  <testcase classname="testNGAnnotations_Flags.Flag3" name="method1" time="0.000"/>
  <system-out>
    <![CDATA[Login!!]]>
  </system-out>
  <testcase classname="testNGAnnotations_Flags.Flag3" name="method1" time="0.000"/>
  <system-out>
    <![CDATA[Login!!]]>
  </system-out>
  <testcase classname="testNGAnnotations_Flags.Flag3" name="method1" time="0.000"/>
  <system-out>
    <![CDATA[Login!!]]>
  </system-out>
  <testcase classname="testNGAnnotations_Flags.Flag3" name="method1" time="0.001"/>
  <system-out>
    <![CDATA[Login!!]]>
  </system-out>
  <testcase classname="testNGAnnotations_Flags.Flag3" name="method1" time="0.001"/>
  <system-out>
    <![CDATA[Login!!]]>
  </system-out>
  <testcase classname="testNGAnnotations_Flags.Flag3" name="method1" time="0.000"/>
  <system-out>
    <![CDATA[Login!!]]>
  </system-out>
  <testcase classname="testNGAnnotations_Flags.Flag3" name="method1" time="0.002"/>
  <system-out>
    <![CDATA[Login!!]]>
  </system-out>
  <testcase classname="testNGAnnotations_Flags.Flag3" name="method1" time="0.000"/>
  <system-out>
    <![CDATA[Login!!]]>
  </system-out>
  <testcase classname="testNGAnnotations_Flags.Flag3" name="method1" time="0.001"/>
  <system-out>
    <![CDATA[Login!!]]>
  </system-out>
  <testcase classname="testNGAnnotations_Flags.Flag3" name="method1" time="0.000"/>
  <system-out>
    <![CDATA[Login!!]]>
  </system-out>
  <testcase classname="testNGAnnotations_Flags.Flag3" name="method1" time="0.000"/>
  <system-out>
    <![CDATA[Login!!]]>
  </system-out>
  <testcase classname="testNGAnnotations_Flags.Flag3" name="method1" time="0.001"/>
  <system-out>
    <![CDATA[Login!!]]>
  </system-out>
  <testcase classname="testNGAnnotations_Flags.Flag3" name="method1" time="0.001"/>
  <system-out>
    <![CDATA[Login!!]]>
  </system-out>
  <testcase classname="testNGAnnotations_Flags.Flag3" name="method1" time="0.000"/>
  <system-out>
    <![CDATA[Login!!]]>
  </system-out>
  <testcase classname="testNGAnnotations_Flags.Flag3" name="method1" time="0.000"/>
  <system-out>
    <![CDATA[Login!!]]>
  </system-out>
  <testcase classname="testNGAnnotations_Flags.Flag3" name="method1" time="0.000"/>
  <system-out>
    <![CDATA[Login!!]]>
  </system-out>
  <testcase classname="testNGAnnotations_Flags.Flag3" name="method1" time="0.000"/>
  <system-out>
    <![CDATA[Login!!]]>
  </system-out>
  <testcase classname="testNGAnnotations_Flags.Flag3" name="method1" time="0.000"/>
  <system-out>
    <![CDATA[Login!!]]>
  </system-out>
  <testcase classname="testNGAnnotations_Flags.Flag3" name="method1" time="0.001"/>
  <system-out>
    <![CDATA[Login!!]]>
  </system-out>
  <testcase classname="testNGAnnotations_Flags.Flag3" name="method1" time="0.000"/>
  <system-out>
    <![CDATA[Login!!]]>
  </system-out>
  <testcase classname="testNGAnnotations_Flags.Flag3" name="method1" time="0.000"/>
  <system-out>
    <![CDATA[Login!!]]>
  </system-out>
  <testcase classname="testNGAnnotations_Flags.Flag3" name="method1" time="0.000"/>
  <system-out>
    <![CDATA[Login!!]]>
  </system-out>
  <testcase classname="testNGAnnotations_Flags.Flag3" name="method1" time="0.000"/>
  <system-out>
    <![CDATA[Login!!]]>
  </system-out>
  <testcase classname="testNGAnnotations_Flags.Flag3" name="method1" time="0.000"/>
  <system-out>
    <![CDATA[Login!!]]>
  </system-out>
  <testcase classname="testNGAnnotations_Flags.Flag3" name="method1" time="0.000"/>
  <system-out>
    <![CDATA[Login!!]]>
  </system-out>
  <testcase classname="testNGAnnotations_Flags.Flag3" name="method1" time="0.000"/>
  <system-out>
    <![CDATA[Login!!]]>
  </system-out>
  <testcase classname="testNGAnnotations_Flags.Flag3" name="method1" time="0.001"/>
  <system-out>
    <![CDATA[Login!!]]>
  </system-out>
  <testcase classname="testNGAnnotations_Flags.Flag3" name="method1" time="0.000"/>
  <system-out>
    <![CDATA[Login!!]]>
  </system-out>
  <testcase classname="testNGAnnotations_Flags.Flag3" name="method1" time="0.000"/>
  <system-out>
    <![CDATA[Login!!]]>
  </system-out>
  <testcase classname="testNGAnnotations_Flags.Flag3" name="method1" time="0.001"/>
  <system-out>
    <![CDATA[Login!!]]>
  </system-out>
  <testcase classname="testNGAnnotations_Flags.Flag3" name="method1" time="0.000"/>
  <system-out>
    <![CDATA[Login!!]]>
  </system-out>
  <testcase classname="testNGAnnotations_Flags.Flag3" name="method1" time="0.000"/>
  <system-out>
    <![CDATA[Login!!]]>
  </system-out>
  <testcase classname="testNGAnnotations_Flags.Flag3" name="method1" time="0.000"/>
  <system-out>
    <![CDATA[Login!!]]>
  </system-out>
  <testcase classname="testNGAnnotations_Flags.Flag3" name="method1" time="0.000"/>
  <system-out>
    <![CDATA[Login!!]]>
  </system-out>
  <testcase classname="testNGAnnotations_Flags.Flag3" name="method1" time="0.000"/>
  <system-out>
    <![CDATA[Login!!]]>
  </system-out>
  <testcase classname="testNGAnnotations_Flags.Flag3" name="method1" time="0.000"/>
  <system-out>
    <![CDATA[Login!!]]>
  </system-out>
  <testcase classname="testNGAnnotations_Flags.Flag3" name="method1" time="0.001"/>
  <system-out>
    <![CDATA[Login!!]]>
  </system-out>
  <testcase classname="testNGAnnotations_Flags.Flag3" name="method1" time="0.002"/>
  <system-out>
    <![CDATA[Login!!]]>
  </system-out>
  <testcase classname="testNGAnnotations_Flags.Flag3" name="method1" time="0.000"/>
  <system-out>
    <![CDATA[Login!!]]>
  </system-out>
  <testcase classname="testNGAnnotations_Flags.Flag3" name="method1" time="0.000"/>
  <system-out>
    <![CDATA[Login!!]]>
  </system-out>
  <testcase classname="testNGAnnotations_Flags.Flag3" name="method1" time="0.001"/>
  <system-out>
    <![CDATA[Login!!]]>
  </system-out>
  <testcase classname="testNGAnnotations_Flags.Flag3" name="method1" time="0.000"/>
  <system-out>
    <![CDATA[Login!!]]>
  </system-out>
  <testcase classname="testNGAnnotations_Flags.Flag3" name="method1" time="0.000"/>
  <system-out>
    <![CDATA[Login!!]]>
  </system-out>
  <testcase classname="testNGAnnotations_Flags.Flag3" name="method1" time="0.000"/>
  <system-out>
    <![CDATA[Login!!]]>
  </system-out>
  <testcase classname="testNGAnnotations_Flags.Flag3" name="method1" time="0.000"/>
  <system-out>
    <![CDATA[Login!!]]>
  </system-out>
  <testcase classname="testNGAnnotations_Flags.Flag3" name="method1" time="0.001"/>
  <system-out>
    <![CDATA[Login!!]]>
  </system-out>
  <testcase classname="testNGAnnotations_Flags.Flag3" name="method1" time="0.001"/>
  <system-out>
    <![CDATA[Login!!]]>
  </system-out>
  <testcase classname="testNGAnnotations_Flags.Flag3" name="method1" time="0.000"/>
  <system-out>
    <![CDATA[Login!!]]>
  </system-out>
  <testcase classname="testNGAnnotations_Flags.Flag3" name="method1" time="0.000"/>
  <system-out>
    <![CDATA[Login!!]]>
  </system-out>
  <testcase classname="testNGAnnotations_Flags.Flag3" name="method1" time="0.000"/>
  <system-out>
    <![CDATA[Login!!]]>
  </system-out>
  <testcase classname="testNGAnnotations_Flags.Flag3" name="method1" time="0.001"/>
  <system-out>
    <![CDATA[Login!!]]>
  </system-out>
  <testcase classname="testNGAnnotations_Flags.Flag3" name="method1" time="0.000"/>
  <system-out>
    <![CDATA[Login!!]]>
  </system-out>
  <testcase classname="testNGAnnotations_Flags.Flag3" name="method1" time="0.000"/>
  <system-out>
    <![CDATA[Login!!]]>
  </system-out>
  <testcase classname="testNGAnnotations_Flags.Flag3" name="method1" time="0.000"/>
  <system-out>
    <![CDATA[Login!!]]>
  </system-out>
  <testcase classname="testNGAnnotations_Flags.Flag3" name="method1" time="0.000"/>
  <system-out>
    <![CDATA[Login!!]]>
  </system-out>
  <testcase classname="testNGAnnotations_Flags.Flag3" name="method1" time="0.000"/>
  <system-out>
    <![CDATA[Login!!]]>
  </system-out>
  <testcase classname="testNGAnnotations_Flags.Flag3" name="method1" time="0.000"/>
  <system-out>
    <![CDATA[Login!!]]>
  </system-out>
  <testcase classname="testNGAnnotations_Flags.Flag3" name="method1" time="0.001"/>
  <system-out>
    <![CDATA[Login!!]]>
  </system-out>
  <testcase classname="testNGAnnotations_Flags.Flag3" name="method1" time="0.000"/>
  <system-out>
    <![CDATA[Login!!]]>
  </system-out>
  <testcase classname="testNGAnnotations_Flags.Flag3" name="method1" time="0.001"/>
  <system-out>
    <![CDATA[Login!!]]>
  </system-out>
  <testcase classname="testNGAnnotations_Flags.Flag3" name="method1" time="0.000"/>
  <system-out>
    <![CDATA[Login!!]]>
  </system-out>
  <testcase classname="testNGAnnotations_Flags.Flag3" name="method1" time="0.000"/>
  <system-out>
    <![CDATA[Login!!]]>
  </system-out>
  <testcase classname="testNGAnnotations_Flags.Flag3" name="method1" time="0.001"/>
  <system-out>
    <![CDATA[Login!!]]>
  </system-out>
  <testcase classname="testNGAnnotations_Flags.Flag3" name="method1" time="0.000"/>
  <system-out>
    <![CDATA[Login!!]]>
  </system-out>
  <testcase classname="testNGAnnotations_Flags.Flag3" name="method1" time="0.000"/>
  <system-out>
    <![CDATA[Login!!]]>
  </system-out>
  <testcase classname="testNGAnnotations_Flags.Flag3" name="method1" time="0.000"/>
  <system-out>
    <![CDATA[Login!!]]>
  </system-out>
  <testcase classname="testNGAnnotations_Flags.Flag3" name="method1" time="0.001"/>
  <system-out>
    <![CDATA[Login!!]]>
  </system-out>
  <testcase classname="testNGAnnotations_Flags.Flag3" name="method1" time="0.000"/>
  <system-out>
    <![CDATA[Login!!]]>
  </system-out>
[...]
  <system-out>
    <![CDATA[Login!!]]>
  </system-out>
  <testcase classname="testNGAnnotations_Flags.Flag3" name="method1" time="0.000"/>
  <system-out>
    <![CDATA[Login!!]]>
  </system-out>
  <testcase classname="testNGAnnotations_Flags.Flag3" name="method1" time="0.001"/>
  <system-out>
    <![CDATA[Login!!]]>
  </system-out>
  <testcase classname="testNGAnnotations_Flags.Flag3" name="method1" time="0.001"/>
  <system-out>
    <![CDATA[Login!!]]>
  </system-out>
  <testcase classname="testNGAnnotations_Flags.Flag3" name="method1" time="0.000"/>
  <system-out>
    <![CDATA[Login!!]]>
  </system-out>
  <testcase classname="testNGAnnotations_Flags.Flag3" name="method1" time="0.000"/>
  <system-out>
    <![CDATA[Login!!]]>
  </system-out>
  <testcase classname="testNGAnnotations_Flags.Flag3" name="method1" time="0.000"/>
  <system-out>
    <![CDATA[Login!!]]>
  </system-out>
  <testcase classname="testNGAnnotations_Flags.Flag3" name="method1" time="0.000"/>
  <system-out>
    <![CDATA[Login!!]]>
  </system-out>
  <testcase classname="testNGAnnotations_Flags.Flag3" name="method1" time="0.000"/>
  <system-out>
    <![CDATA[Login!!]]>
  </system-out>
  <testcase classname="testNGAnnotations_Flags.Flag3" name="method1" time="0.001"/>
  <system-out>
    <![CDATA[Login!!]]>
  </system-out>
  <testcase classname="testNGAnnotations_Flags.Flag3" name="method1" time="0.000"/>
  <system-out>
    <![CDATA[Login!!]]>
  </system-out>
  <testcase classname="testNGAnnotations_Flags.Flag3" name="method1" time="0.000"/>
  <system-out>
    <![CDATA[Login!!]]>
  </system-out>
  <testcase classname="testNGAnnotations_Flags.Flag3" name="method1" time="0.001"/>
  <system-out>
    <![CDATA[Login!!]]>
  </system-out>
  <testcase classname="testNGAnnotations_Flags.Flag3" name="method1" time="0.001"/>
  <system-out>
    <![CDATA[Login!!]]>
  </system-out>
  <testcase classname="testNGAnnotations_Flags.Flag3" name="method1" time="0.000"/>
  <system-out>
    <![CDATA[Login!!]]>
  </system-out>
  <testcase classname="testNGAnnotations_Flags.Flag3" name="method1" time="0.000"/>
  <system-out>
    <![CDATA[Login!!]]>
  </system-out>
  <testcase classname="testNGAnnotations_Flags.Flag3" name="method1" time="0.001"/>
  <system-out>
    <![CDATA[Login!!]]>
  </system-out>
  <testcase classname="testNGAnnotations_Flags.Flag3" name="method1" time="0.000"/>
  <system-out>
    <![CDATA[Login!!]]>
  </system-out>
  <testcase classname="testNGAnnotations_Flags.Flag3" name="method1" time="0.000"/>
  <system-out>
    <![CDATA[Login!!]]>
  </system-out>
  <testcase classname="testNGAnnotations_Flags.Flag3" name="method1" time="0.000"/>
  <system-out>
    <![CDATA[Login!!]]>
  </system-out>
  <testcase classname="testNGAnnotations_Flags.Flag3" name="method1" time="0.000"/>
  <system-out>
    <![CDATA[Login!!]]>
  </system-out>
  <testcase classname="testNGAnnotations_Flags.Flag3" name="method1" time="0.000"/>
  <system-out>
    <![CDATA[Login!!]]>
  </system-out>
  <testcase classname="testNGAnnotations_Flags.Flag3" name="method1" time="0.000"/>
  <system-out>
    <![CDATA[Login!!]]>
  </system-out>
  <testcase classname="testNGAnnotations_Flags.Flag3" name="method1" time="0.000"/>
  <system-out>
    <![CDATA[Login!!]]>
  </system-out>
  <testcase classname="testNGAnnotations_Flags.Flag3" name="method1" time="0.001"/>
  <system-out>
    <![CDATA[Login!!]]>
  </system-out>
  <testcase classname="testNGAnnotations_Flags.Flag3" name="method1" time="0.000"/>
  <system-out>
    <![CDATA[Login!!]]>
  </system-out>
  <testcase classname="testNGAnnotations_Flags.Flag3" name="method1" time="0.000"/>
  <system-out>
    <![CDATA[Login!!]]>
  </system-out>
  <testcase classname="testNGAnnotations_Flags.Flag3" name="method1" time="0.001"/>
  <system-out>
    <![CDATA[Login!!]]>
  </system-out>
  <testcase classname="testNGAnnotations_Flags.Flag3" name="method1" time="0.001"/>
  <system-out>
    <![CDATA[Login!!]]>
  </system-out>
  <testcase classname="testNGAnnotations_Flags.Flag3" name="method1" time="0.000"/>
  <system-out>
    <![CDATA[Login!!]]>
  </system-out>
  <testcase classname="testNGAnnotations_Flags.Flag3" name="method1" time="0.000"/>
  <system-out>
    <![CDATA[Login!!]]>
  </system-out>
  <testcase classname="testNGAnnotations_Flags.Flag3" name="method1" time="0.000"/>
  <system-out>
    <![CDATA[Login!!]]>
  </system-out>
  <testcase classname="testNGAnnotations_Flags.Flag3" name="method1" time="0.000"/>
  <system-out>
    <![CDATA[Login!!]]>
  </system-out>
  <testcase classname="testNGAnnotations_Flags.Flag3" name="method1" time="0.001"/>
  <system-out>
    <![CDATA[Login!!]]>
  </system-out>
  <testcase classname="testNGAnnotations_Flags.Flag3" name="method1" time="0.000"/>
  <system-out>
    <![CDATA[Login!!]]>
  </system-out>
  <testcase classname="testNGAnnotations_Flags.Flag3" name="method1" time="0.000"/>
  <system-out>
    <![CDATA[Login!!]]>
  </system-out>
  <testcase classname="testNGAnnotations_Flags.Flag3" name="method1" time="0.000"/>
  <system-out>
    <![CDATA[Login!!]]>
  </system-out>
  <testcase classname="testNGAnnotations_Flags.Flag3" name="method1" time="0.000"/>
  <system-out>
    <![CDATA[Login!!]]>
  </system-out>
  <testcase classname="testNGAnnotations_Flags.Flag3" name="method1" time="0.000"/>
  <system-out>
    <![CDATA[Login!!]]>
  </system-out>
  <testcase classname="testNGAnnotations_Flags.Flag3" name="method1" time="0.000"/>
  <system-out>
    <![CDATA[Login!!]]>
  </system-out>
  <testcase classname="testNGAnnotations_Flags.Flag3" name="method1" time="0.000"/>
  <system-out>
    <![CDATA[Login!!]]>
  </system-out>
  <testcase classname="testNGAnnotations_Flags.Flag3" name="method1" time="0.000"/>
  <system-out>
    <![CDATA[Login!!]]>
  </system-out>
  <testcase classname="testNGAnnotations_Flags.Flag3" name="method1" time="0.000"/>
  <system-out>
    <![CDATA[Login!!]]>
  </system-out>
  <testcase classname="testNGAnnotations_Flags.Flag3" name="method1" time="0.002"/>
  <system-out>
    <![CDATA[Login!!]]>
  </system-out>
  <testcase classname="testNGAnnotations_Flags.Flag3" name="method1" time="0.000"/>
  <system-out>
    <![CDATA[Login!!]]>
  </system-out>
  <testcase classname="testNGAnnotations_Flags.Flag3" name="method1" time="0.000"/>
  <system-out>
    <![CDATA[Login!!]]>
  </system-out>
  <testcase classname="testNGAnnotations_Flags.Flag3" name="method1" time="0.000"/>
  <system-out>
    <![CDATA[Login!!]]>
  </system-out>
  <testcase classname="testNGAnnotations_Flags.Flag3" name="method1" time="0.000"/>
  <system-out>
    <![CDATA[Login!!]]>
  </system-out>
  <testcase classname="testNGAnnotations_Flags.Flag3" name="method1" time="0.002"/>
  <system-out>
    <![CDATA[Login!!]]>
  </system-out>
  <testcase classname="testNGAnnotations_Flags.Flag3" name="method1" time="0.001"/>
  <system-out>
    <![CDATA[Login!!]]>
  </system-out>
  <testcase classname="testNGAnnotations_Flags.Flag3" name="method1" time="0.001"/>
  <system-out>
    <![CDATA[Login!!]]>
  </system-out>
  <testcase classname="testNGAnnotations_Flags.Flag3" name="method1" time="0.000"/>
  <system-out>
    <![CDATA[Login!!]]>
  </system-out>
  <testcase classname="testNGAnnotations_Flags.Flag3" name="method1" time="0.000"/>
  <system-out>
    <![CDATA[Login!!]]>
  </system-out>
  <testcase classname="testNGAnnotations_Flags.Flag3" name="method1" time="0.000"/>
  <system-out>
    <![CDATA[Login!!]]>
  </system-out>
  <testcase classname="testNGAnnotations_Flags.Flag3" name="method1" time="0.000"/>
  <system-out>
    <![CDATA[Login!!]]>
  </system-out>
  <testcase classname="testNGAnnotations_Flags.Flag3" name="method1" time="0.000"/>
  <system-out>
    <![CDATA[Login!!]]>
  </system-out>
  <testcase classname="testNGAnnotations_Flags.Flag3" name="method1" time="0.001"/>
  <system-out>
    <![CDATA[Login!!]]>
  </system-out>
  <testcase classname="testNGAnnotations_Flags.Flag3" name="method1" time="0.000"/>
  <system-out>
    <![CDATA[Login!!]]>
  </system-out>
  <testcase classname="testNGAnnotations_Flags.Flag3" name="method1" time="0.000"/>
  <system-out>
    <![CDATA[Login!!]]>
  </system-out>
  <testcase classname="testNGAnnotations_Flags.Flag3" name="method1" time="0.000"/>
  <system-out>
    <![CDATA[Login!!]]>
  </system-out>
  <testcase classname="testNGAnnotations_Flags.Flag3" name="method1" time="0.001"/>
  <system-out>
    <![CDATA[Login!!]]>
  </system-out>
  <testcase classname="testNGAnnotations_Flags.Flag3" name="method1" time="0.001"/>
  <system-out>
    <![CDATA[Login!!]]>
  </system-out>
  <testcase classname="testNGAnnotations_Flags.Flag3" name="method1" time="0.000"/>
  <system-out>
    <![CDATA[Login!!]]>
  </system-out>
  <testcase classname="testNGAnnotations_Flags.Flag3" name="method1" time="0.000"/>
  <system-out>
    <![CDATA[Login!!]]>
  </system-out>
  <testcase classname="testNGAnnotations_Flags.Flag3" name="method1" time="0.001"/>
  <system-out>
    <![CDATA[Login!!]]>
  </system-out>
  <testcase classname="testNGAnnotations_Flags.Flag3" name="method1" time="0.000"/>
  <system-out>
    <![CDATA[Login!!]]>
  </system-out>
  <testcase classname="testNGAnnotations_Flags.Flag3" name="method1" time="0.000"/>
  <system-out>
    <![CDATA[Login!!]]>
  </system-out>
  <testcase classname="testNGAnnotations_Flags.Flag3" name="method1" time="0.000"/>
  <system-out>
    <![CDATA[Login!!]]>
  </system-out>
  <testcase classname="testNGAnnotations_Flags.Flag3" name="method1" time="0.000"/>
  <system-out>
    <![CDATA[Login!!]]>
  </system-out>
  <testcase classname="testNGAnnotations_Flags.Flag3" name="method1" time="0.000"/>
  <system-out>
    <![CDATA[Login!!]]>
  </system-out>
  <testcase classname="testNGAnnotations_Flags.Flag3" name="method1" time="0.000"/>
  <system-out>
    <![CDATA[Login!!]]>
  </system-out>
  <testcase classname="testNGAnnotations_Flags.Flag3" name="method1" time="0.000"/>
  <system-out>
    <![CDATA[Login!!]]>
  </system-out>
  <testcase classname="testNGAnnotations_Flags.Flag3" name="method1" time="0.000"/>
  <system-out>
    <![CDATA[Login!!]]>
  </system-out>
  <testcase classname="testNGAnnotations_Flags.Flag3" name="method1" time="0.000"/>
  <system-out>
    <![CDATA[Login!!]]>
  </system-out>
  <testcase classname="testNGAnnotations_Flags.Flag3" name="method1" time="0.000"/>
  <system-out>
    <![CDATA[Login!!]]>
  </system-out>
  <testcase classname="testNGAnnotations_Flags.Flag3" name="method1" time="0.001"/>
  <system-out>
    <![CDATA[Login!!]]>
  </system-out>
  <testcase classname="testNGAnnotations_Flags.Flag3" name="method1" time="0.001"/>
  <system-out>
    <![CDATA[Login!!]]>
  </system-out>
  <testcase classname="testNGAnnotations_Flags.Flag3" name="method1" time="0.000"/>
  <system-out>
    <![CDATA[Login!!]]>
  </system-out>
  <testcase classname="testNGAnnotations_Flags.Flag3" name="method1" time="0.000"/>
  <system-out>
    <![CDATA[Login!!]]>
  </system-out>
  <testcase classname="testNGAnnotations_Flags.Flag3" name="method1" time="0.000"/>
  <system-out>
    <![CDATA[Login!!]]>
  </system-out>
  <testcase classname="testNGAnnotations_Flags.Flag3" name="method1" time="0.000"/>
  <system-out>
    <![CDATA[Login!!]]>
  </system-out>
  <testcase classname="testNGAnnotations_Flags.Flag3" name="method1" time="0.003"/>
  <system-out>
    <![CDATA[Login!!]]>
  </system-out>
  <testcase classname="testNGAnnotations_Flags.Flag3" name="method1" time="0.000"/>
  <system-out>
    <![CDATA[Login!!]]>
  </system-out>
  <testcase classname="testNGAnnotations_Flags.Flag3" name="method1" time="0.000"/>
  <system-out>
    <![CDATA[Login!!]]>
  </system-out>
  <testcase classname="testNGAnnotations_Flags.Flag3" name="method1" time="0.000"/>
  <system-out>
    <![CDATA[Login!!]]>
  </system-out>
  <testcase classname="testNGAnnotations_Flags.Flag3" name="method1" time="0.000"/>
  <system-out>
    <![CDATA[Login!!]]>
  </system-out>
  <testcase classname="testNGAnnotations_Flags.Flag3" name="method1" time="0.000"/>
  <system-out>
    <![CDATA[Login!!]]>
  </system-out>
  <testcase classname="testNGAnnotations_Flags.Flag3" name="method1" time="0.000"/>
  <system-out>
    <![CDATA[Login!!]]>
  </system-out>
  <testcase classname="testNGAnnotations_Flags.Flag3" name="method1" time="0.000"/>
  <system-out>
    <![CDATA[Login!!]]>
  </system-out>
  <testcase classname="testNGAnnotations_Flags.Flag3" name="method1" time="0.002"/>
  <system-out>
    <![CDATA[Login!!]]>
  </system-out>
  <testcase classname="testNGAnnotations_Flags.Flag3" name="method1" time="0.001"/>
  <system-out>
    <![CDATA[Login!!]]>
  </system-out>
  <testcase classname="testNGAnnotations_Flags.Flag3" name="method1" time="0.000"/>
  <system-out>
    <![CDATA[Login!!]]>
  </system-out>
  <testcase classname="testNGAnnotations_Flags.Flag3" name="method1" time="0.000"/>
  <system-out>
    <![CDATA[Login!!]]>
  </system-out>
  <testcase classname="testNGAnnotations_Flags.Flag3" name="method1" time="0.000"/>
  <system-out>
    <![CDATA[Login!!]]>
  </system-out>
  <testcase classname="testNGAnnotations_Flags.Flag3" name="method1" time="0.000"/>
  <system-out>
    <![CDATA[Login!!]]>
  </system-out>
  <testcase classname="testNGAnnotations_Flags.Flag3" name="method1" time="0.000"/>
  <system-out>
    <![CDATA[Login!!]]>
  </system-out>
  <testcase classname="testNGAnnotations_Flags.Flag3" name="method1" time="0.000"/>
  <system-out>
    <![CDATA[Login!!]]>
  </system-out>
  <testcase classname="testNGAnnotations_Flags.Flag3" name="method1" time="0.001"/>
  <system-out>
    <![CDATA[Login!!]]>
  </system-out>
  <testcase classname="testNGAnnotations_Flags.Flag3" name="method1" time="0.000"/>
  <system-out>
    <![CDATA[Login!!]]>
  </system-out>
  <testcase classname="testNGAnnotations_Flags.Flag3" name="method1" time="0.001"/>
  <system-out>
    <![CDATA[Login!!]]>
  </system-out>
  <testcase classname="testNGAnnotations_Flags.Flag3" name="method1" time="0.000"/>
  <system-out>
    <![CDATA[Login!!]]>
  </system-out>
  <testcase classname="testNGAnnotations_Flags.Flag3" name="method1" time="0.002"/>
  <system-out>
    <![CDATA[Login!!]]>
  </system-out>
  <testcase classname="testNGAnnotations_Flags.Flag3" name="method1" time="0.000"/>
  <system-out>
    <![CDATA[Login!!]]>
  </system-out>
  <testcase classname="testNGAnnotations_Flags.Flag3" name="method1" time="0.000"/>
  <system-out>
    <![CDATA[Login!!]]>
  </system-out>
  <testcase classname="testNGAnnotations_Flags.Flag3" name="method1" time="0.000"/>
  <system-out>
    <![CDATA[Login!!]]>
  </system-out>
  <testcase classname="testNGAnnotations_Flags.Flag3" name="method1" time="0.000"/>
  <system-out>
    <![CDATA[Login!!]]>
  </system-out>
  <testcase classname="testNGAnnotations_Flags.Flag3" name="method1" time="0.001"/>
  <system-out>
    <![CDATA[Login!!]]>
  </system-out>
  <testcase classname="testNGAnnotations_Flags.Flag3" name="method1" time="0.001"/>
  <system-out>
    <![CDATA[Login!!]]>
  </system-out>
  <testcase classname="testNGAnnotations_Flags.Flag3" name="method1" time="0.000"/>
  <system-out>
    <![CDATA[Login!!]]>
  </system-out>
  <testcase classname="testNGAnnotations_Flags.Flag3" name="method1" time="0.000"/>
  <system-out>
    <![CDATA[Login!!]]>
  </system-out>
  <testcase classname="testNGAnnotations_Flags.Flag3" name="method1" time="0.002"/>
  <system-out>
    <![CDATA[Login!!]]>
  </system-out>
  <testcase classname="testNGAnnotations_Flags.Flag3" name="method1" time="0.000"/>
  <system-out>
    <![CDATA[Login!!]]>
  </system-out>
  <testcase classname="testNGAnnotations_Flags.Flag3" name="method1" time="0.002"/>
  <system-out>
    <![CDATA[Login!!]]>
  </system-out>
  <testcase classname="testNGAnnotations_Flags.Flag3" name="method1" time="0.000"/>
  <system-out>
    <![CDATA[Login!!]]>
  </system-out>
  <testcase classname="testNGAnnotations_Flags.Flag3" name="method1" time="0.000"/>
  <system-out>
    <![CDATA[Login!!]]>
  </system-out>
  <testcase classname="testNGAnnotations_Flags.Flag3" name="method1" time="0.000"/>
  <system-out>
    <![CDATA[Login!!]]>
  </system-out>
  <testcase classname="testNGAnnotations_Flags.Flag3" name="method1" time="0.000"/>
  <system-out>
    <![CDATA[Login!!]]>
  </system-out>
  <testcase classname="testNGAnnotations_Flags.Flag3" name="method1" time="0.001"/>
  <system-out>
    <![CDATA[Login!!]]>
  </system-out>
  <testcase classname="testNGAnnotations_Flags.Flag3" name="method1" time="0.000"/>
  <system-out>
    <![CDATA[Login!!]]>
  </system-out>
  <testcase classname="testNGAnnotations_Flags.Flag3" name="method1" time="0.002"/>
  <system-out>
    <![CDATA[Login!!]]>
  </system-out>
  <testcase classname="testNGAnnotations_Flags.Flag3" name="method1" time="0.000"/>
  <system-out>
    <![CDATA[Login!!]]>
  </system-out>
  <testcase classname="testNGAnnotations_Flags.Flag3" name="method1" time="0.000"/>
  <system-out>
    <![CDATA[Login!!]]>
  </system-out>
  <testcase classname="testNGAnnotations_Flags.Flag3" name="method1" time="0.002"/>
  <system-out>
    <![CDATA[Login!!]]>
  </system-out>
  <testcase classname="testNGAnnotations_Flags.Flag3" name="method1" time="0.000"/>
  <system-out>
    <![CDATA[Login!!]]>
  </system-out>
  <testcase classname="testNGAnnotations_Flags.Flag3" name="method1" time="0.000"/>
  <system-out>
    <![CDATA[Login!!]]>
  </system-out>
  <testcase classname="testNGAnnotations_Flags.Flag3" name="method1" time="0.000"/>
  <system-out>
    <![CDATA[Login!!]]>
  </system-out>
  <testcase classname="testNGAnnotations_Flags.Flag3" name="method1" time="0.000"/>
  <system-out>
    <![CDATA[Login!!]]>
  </system-out>
  <testcase classname="testNGAnnotations_Flags.Flag3" name="method1" time="0.001"/>
  <system-out>
    <![CDATA[Login!!]]>
  </system-out>
  <testcase classname="testNGAnnotations_Flags.Flag3" name="method1" time="0.000"/>
  <system-out>
    <![CDATA[Login!!]]>
  </system-out>
  <testcase classname="testNGAnnotations_Flags.Flag3" name="method1" time="0.000"/>
  <system-out>
    <![CDATA[Login!!]]>
  </system-out>
  <testcase classname="testNGAnnotations_Flags.Flag3" name="method1" time="0.001"/>
  <system-out>
    <![CDATA[Login!!]]>
  </system-out>
  <testcase classname="testNGAnnotations_Flags.Flag3" name="method1" time="0.001"/>
  <system-out>
    <![CDATA[Login!!]]>
  </system-out>
  <testcase classname="testNGAnnotations_Flags.Flag3" name="method1" time="0.000"/>
  <system-out>
    <![CDATA[Login!!]]>
  </system-out>
  <testcase classname="testNGAnnotations_Flags.Flag3" name="method1" time="0.001"/>
  <system-out>
    <![CDATA[Login!!]]>
  </system-out>
  <testcase classname="testNGAnnotations_Flags.Flag3" name="method1" time="0.001"/>
  <system-out>
    <![CDATA[Login!!]]>
  </system-out>
  <testcase classname="testNGAnnotations_Flags.Flag3" name="method1" time="0.001"/>
  <system-out>
    <![CDATA[Login!!]]>
  </system-out>
  <testcase classname="testNGAnnotations_Flags.Flag3" name="method1" time="0.001"/>
  <system-out>
    <![CDATA[Login!!]]>
  </system-out>
  <testcase classname="testNGAnnotations_Flags.Flag3" name="method1" time="0.000"/>
  <system-out>
    <![CDATA[Login!!]]>
  </system-out>
  <testcase classname="testNGAnnotations_Flags.Flag3" name="method1" time="0.001"/>
  <system-out>
    <![CDATA[Login!!]]>
  </system-out>
  <testcase classname="testNGAnnotations_Flags.Flag3" name="method1" time="0.000"/>
  <system-out>
    <![CDATA[Login!!]]>
  </system-out>
  <testcase classname="testNGAnnotations_Flags.Flag3" name="method1" time="0.000"/>
  <system-out>
    <![CDATA[Login!!]]>
  </system-out>
  <testcase classname="testNGAnnotations_Flags.Flag3" name="method1" time="0.000"/>
  <system-out>
    <![CDATA[Login!!]]>
  </system-out>
  <testcase classname="testNGAnnotations_Flags.Flag3" name="method1" time="0.000"/>
  <system-out>
    <![CDATA[Login!!]]>
  </system-out>
  <testcase classname="testNGAnnotations_Flags.Flag3" name="method1" time="0.000"/>
  <system-out>
    <![CDATA[Login!!]]>
  </system-out>
</testsuite> <!-- testNGAnnotations_Flags.Flag3 -->
